2023-02-07 01:10:04:104 [31merror[39m: [31muncaughtException: Unexpected token 'const'[39m
[31mC:\Users\fwesh\Desktop\Code\social-media-app\controllers\authController.js:57[39m
[31m  const url = `${req.protocol}://${req.get("host")}/api/v1/profiles`;[39m
[31m  ^^^^^[39m

[31mSyntaxError: Unexpected token 'const'[39m
[31m    at Object.compileFunction (node:vm:360:18)[39m
[31m    at wrapSafe (node:internal/modules/cjs/loader:1088:15)[39m
[31m    at Module._compile (node:internal/modules/cjs/loader:1123:27)[39m
[31m    at Module._extensions..js (node:internal/modules/cjs/loader:1213:10)[39m
[31m    at Module.load (node:internal/modules/cjs/loader:1037:32)[39m
[31m    at Module._load (node:internal/modules/cjs/loader:878:12)[39m
[31m    at Module.require (node:internal/modules/cjs/loader:1061:19)[39m
[31m    at require (node:internal/modules/cjs/helpers:103:18)[39m
[31m    at Object.<anonymous> (C:\Users\fwesh\Desktop\Code\social-media-app\routes\userRoute.js:2:24)[39m
[31m    at Module._compile (node:internal/modules/cjs/loader:1159:14)[39m
2023-02-07 01:10:05:105 [31merror[39m: [31muncaughtException: Missing catch or finally after try[39m
[31mC:\Users\fwesh\Desktop\Code\social-media-app\controllers\authController.js:57[39m
[31m  }[39m
[31m  ^[39m

[31mSyntaxError: Missing catch or finally after try[39m
[31m    at Object.compileFunction (node:vm:360:18)[39m
[31m    at wrapSafe (node:internal/modules/cjs/loader:1088:15)[39m
[31m    at Module._compile (node:internal/modules/cjs/loader:1123:27)[39m
[31m    at Module._extensions..js (node:internal/modules/cjs/loader:1213:10)[39m
[31m    at Module.load (node:internal/modules/cjs/loader:1037:32)[39m
[31m    at Module._load (node:internal/modules/cjs/loader:878:12)[39m
[31m    at Module.require (node:internal/modules/cjs/loader:1061:19)[39m
[31m    at require (node:internal/modules/cjs/helpers:103:18)[39m
[31m    at Object.<anonymous> (C:\Users\fwesh\Desktop\Code\social-media-app\routes\userRoute.js:2:24)[39m
[31m    at Module._compile (node:internal/modules/cjs/loader:1159:14)[39m
2023-02-07 01:10:09:109 [31merror[39m: [31muncaughtException: Missing catch or finally after try[39m
[31mC:\Users\fwesh\Desktop\Code\social-media-app\controllers\authController.js:57[39m
[31m  }[39m
[31m  ^[39m

[31mSyntaxError: Missing catch or finally after try[39m
[31m    at Object.compileFunction (node:vm:360:18)[39m
[31m    at wrapSafe (node:internal/modules/cjs/loader:1088:15)[39m
[31m    at Module._compile (node:internal/modules/cjs/loader:1123:27)[39m
[31m    at Module._extensions..js (node:internal/modules/cjs/loader:1213:10)[39m
[31m    at Module.load (node:internal/modules/cjs/loader:1037:32)[39m
[31m    at Module._load (node:internal/modules/cjs/loader:878:12)[39m
[31m    at Module.require (node:internal/modules/cjs/loader:1061:19)[39m
[31m    at require (node:internal/modules/cjs/helpers:103:18)[39m
[31m    at Object.<anonymous> (C:\Users\fwesh\Desktop\Code\social-media-app\routes\userRoute.js:2:24)[39m
[31m    at Module._compile (node:internal/modules/cjs/loader:1159:14)[39m
2023-02-07 01:10:11:1011 [31merror[39m: [31muncaughtException: Missing catch or finally after try[39m
[31mC:\Users\fwesh\Desktop\Code\social-media-app\controllers\authController.js:59[39m
[31m  }[39m
[31m  ^[39m

[31mSyntaxError: Missing catch or finally after try[39m
[31m    at Object.compileFunction (node:vm:360:18)[39m
[31m    at wrapSafe (node:internal/modules/cjs/loader:1088:15)[39m
[31m    at Module._compile (node:internal/modules/cjs/loader:1123:27)[39m
[31m    at Module._extensions..js (node:internal/modules/cjs/loader:1213:10)[39m
[31m    at Module.load (node:internal/modules/cjs/loader:1037:32)[39m
[31m    at Module._load (node:internal/modules/cjs/loader:878:12)[39m
[31m    at Module.require (node:internal/modules/cjs/loader:1061:19)[39m
[31m    at require (node:internal/modules/cjs/helpers:103:18)[39m
[31m    at Object.<anonymous> (C:\Users\fwesh\Desktop\Code\social-media-app\routes\userRoute.js:2:24)[39m
[31m    at Module._compile (node:internal/modules/cjs/loader:1159:14)[39m
2023-02-07 01:10:14:1014 [31merror[39m: [31muncaughtException: Unexpected identifier[39m
[31mC:\Users\fwesh\Desktop\Code\social-media-app\controllers\authController.js:63[39m
[31m  createSendToken(user, 200, res);[39m
[31m  ^^^^^^^^^^^^^^^[39m

[31mSyntaxError: Unexpected identifier[39m
[31m    at Object.compileFunction (node:vm:360:18)[39m
[31m    at wrapSafe (node:internal/modules/cjs/loader:1088:15)[39m
[31m    at Module._compile (node:internal/modules/cjs/loader:1123:27)[39m
[31m    at Module._extensions..js (node:internal/modules/cjs/loader:1213:10)[39m
[31m    at Module.load (node:internal/modules/cjs/loader:1037:32)[39m
[31m    at Module._load (node:internal/modules/cjs/loader:878:12)[39m
[31m    at Module.require (node:internal/modules/cjs/loader:1061:19)[39m
[31m    at require (node:internal/modules/cjs/helpers:103:18)[39m
[31m    at Object.<anonymous> (C:\Users\fwesh\Desktop\Code\social-media-app\routes\userRoute.js:2:24)[39m
[31m    at Module._compile (node:internal/modules/cjs/loader:1159:14)[39m
2023-02-07 01:10:16:1016 [31merror[39m: [31muncaughtException: Unexpected identifier[39m
[31mC:\Users\fwesh\Desktop\Code\social-media-app\controllers\authController.js:63[39m
[31m  createSendToken(user, 200, res);[39m
[31m  ^^^^^^^^^^^^^^^[39m

[31mSyntaxError: Unexpected identifier[39m
[31m    at Object.compileFunction (node:vm:360:18)[39m
[31m    at wrapSafe (node:internal/modules/cjs/loader:1088:15)[39m
[31m    at Module._compile (node:internal/modules/cjs/loader:1123:27)[39m
[31m    at Module._extensions..js (node:internal/modules/cjs/loader:1213:10)[39m
[31m    at Module.load (node:internal/modules/cjs/loader:1037:32)[39m
[31m    at Module._load (node:internal/modules/cjs/loader:878:12)[39m
[31m    at Module.require (node:internal/modules/cjs/loader:1061:19)[39m
[31m    at require (node:internal/modules/cjs/helpers:103:18)[39m
[31m    at Object.<anonymous> (C:\Users\fwesh\Desktop\Code\social-media-app\routes\userRoute.js:2:24)[39m
[31m    at Module._compile (node:internal/modules/cjs/loader:1159:14)[39m
2023-02-07 01:12:07:127 [31merror[39m: [31muncaughtException: Missing catch or finally after try[39m
[31mC:\Users\fwesh\Desktop\Code\social-media-app\controllers\authController.js:142[39m
[31m}[39m
[31m^[39m

[31mSyntaxError: Missing catch or finally after try[39m
[31m    at Object.compileFunction (node:vm:360:18)[39m
[31m    at wrapSafe (node:internal/modules/cjs/loader:1088:15)[39m
[31m    at Module._compile (node:internal/modules/cjs/loader:1123:27)[39m
[31m    at Module._extensions..js (node:internal/modules/cjs/loader:1213:10)[39m
[31m    at Module.load (node:internal/modules/cjs/loader:1037:32)[39m
[31m    at Module._load (node:internal/modules/cjs/loader:878:12)[39m
[31m    at Module.require (node:internal/modules/cjs/loader:1061:19)[39m
[31m    at require (node:internal/modules/cjs/helpers:103:18)[39m
[31m    at Object.<anonymous> (C:\Users\fwesh\Desktop\Code\social-media-app\routes\userRoute.js:2:24)[39m
[31m    at Module._compile (node:internal/modules/cjs/loader:1159:14)[39m
2023-02-07 01:12:12:1212 [31merror[39m: [31muncaughtException: Missing catch or finally after try[39m
[31mC:\Users\fwesh\Desktop\Code\social-media-app\controllers\authController.js:142[39m
[31m}[39m
[31m^[39m

[31mSyntaxError: Missing catch or finally after try[39m
[31m    at Object.compileFunction (node:vm:360:18)[39m
[31m    at wrapSafe (node:internal/modules/cjs/loader:1088:15)[39m
[31m    at Module._compile (node:internal/modules/cjs/loader:1123:27)[39m
[31m    at Module._extensions..js (node:internal/modules/cjs/loader:1213:10)[39m
[31m    at Module.load (node:internal/modules/cjs/loader:1037:32)[39m
[31m    at Module._load (node:internal/modules/cjs/loader:878:12)[39m
[31m    at Module.require (node:internal/modules/cjs/loader:1061:19)[39m
[31m    at require (node:internal/modules/cjs/helpers:103:18)[39m
[31m    at Object.<anonymous> (C:\Users\fwesh\Desktop\Code\social-media-app\routes\userRoute.js:2:24)[39m
[31m    at Module._compile (node:internal/modules/cjs/loader:1159:14)[39m
2023-02-07 01:12:14:1214 [31merror[39m: [31muncaughtException: Missing catch or finally after try[39m
[31mC:\Users\fwesh\Desktop\Code\social-media-app\controllers\authController.js:149[39m
[31m}[39m
[31m^[39m

[31mSyntaxError: Missing catch or finally after try[39m
[31m    at Object.compileFunction (node:vm:360:18)[39m
[31m    at wrapSafe (node:internal/modules/cjs/loader:1088:15)[39m
[31m    at Module._compile (node:internal/modules/cjs/loader:1123:27)[39m
[31m    at Module._extensions..js (node:internal/modules/cjs/loader:1213:10)[39m
[31m    at Module.load (node:internal/modules/cjs/loader:1037:32)[39m
[31m    at Module._load (node:internal/modules/cjs/loader:878:12)[39m
[31m    at Module.require (node:internal/modules/cjs/loader:1061:19)[39m
[31m    at require (node:internal/modules/cjs/helpers:103:18)[39m
[31m    at Object.<anonymous> (C:\Users\fwesh\Desktop\Code\social-media-app\routes\userRoute.js:2:24)[39m
[31m    at Module._compile (node:internal/modules/cjs/loader:1159:14)[39m
2023-02-07 01:12:19:1219 [31merror[39m: [31muncaughtException: Unexpected token '}'[39m
[31mC:\Users\fwesh\Desktop\Code\social-media-app\controllers\authController.js:151[39m
[31m};[39m
[31m^[39m

[31mSyntaxError: Unexpected token '}'[39m
[31m    at Object.compileFunction (node:vm:360:18)[39m
[31m    at wrapSafe (node:internal/modules/cjs/loader:1088:15)[39m
[31m    at Module._compile (node:internal/modules/cjs/loader:1123:27)[39m
[31m    at Module._extensions..js (node:internal/modules/cjs/loader:1213:10)[39m
[31m    at Module.load (node:internal/modules/cjs/loader:1037:32)[39m
[31m    at Module._load (node:internal/modules/cjs/loader:878:12)[39m
[31m    at Module.require (node:internal/modules/cjs/loader:1061:19)[39m
[31m    at require (node:internal/modules/cjs/helpers:103:18)[39m
[31m    at Object.<anonymous> (C:\Users\fwesh\Desktop\Code\social-media-app\routes\userRoute.js:2:24)[39m
[31m    at Module._compile (node:internal/modules/cjs/loader:1159:14)[39m
2023-02-07 01:12:44:1244 [31merror[39m: [31muncaughtException: Unexpected token ';'[39m
[31mC:\Users\fwesh\Desktop\Code\social-media-app\controllers\authController.js:150[39m
[31m    throw new ;[39m
[31m              ^[39m

[31mSyntaxError: Unexpected token ';'[39m
[31m    at Object.compileFunction (node:vm:360:18)[39m
[31m    at wrapSafe (node:internal/modules/cjs/loader:1088:15)[39m
[31m    at Module._compile (node:internal/modules/cjs/loader:1123:27)[39m
[31m    at Module._extensions..js (node:internal/modules/cjs/loader:1213:10)[39m
[31m    at Module.load (node:internal/modules/cjs/loader:1037:32)[39m
[31m    at Module._load (node:internal/modules/cjs/loader:878:12)[39m
[31m    at Module.require (node:internal/modules/cjs/loader:1061:19)[39m
[31m    at require (node:internal/modules/cjs/helpers:103:18)[39m
[31m    at Object.<anonymous> (C:\Users\fwesh\Desktop\Code\social-media-app\routes\userRoute.js:2:24)[39m
[31m    at Module._compile (node:internal/modules/cjs/loader:1159:14)[39m
2023-02-07 03:12:41:1241 [31merror[39m: [31muncaughtException: Cannot find module './../utils/tokens'[39m
[31mRequire stack:[39m
[31m- C:\Users\fwesh\Desktop\Code\social-media-app\controllers\authController.js[39m
[31m- C:\Users\fwesh\Desktop\Code\social-media-app\routes\userRoute.js[39m
[31m- C:\Users\fwesh\Desktop\Code\social-media-app\app.js[39m
[31m- C:\Users\fwesh\Desktop\Code\social-media-app\server.js[39m
[31mError: Cannot find module './../utils/tokens'[39m
[31mRequire stack:[39m
[31m- C:\Users\fwesh\Desktop\Code\social-media-app\controllers\authController.js[39m
[31m- C:\Users\fwesh\Desktop\Code\social-media-app\routes\userRoute.js[39m
[31m- C:\Users\fwesh\Desktop\Code\social-media-app\app.js[39m
[31m- C:\Users\fwesh\Desktop\Code\social-media-app\server.js[39m
[31m    at Module._resolveFilename (node:internal/modules/cjs/loader:995:15)[39m
[31m    at Module._load (node:internal/modules/cjs/loader:841:27)[39m
[31m    at Module.require (node:internal/modules/cjs/loader:1061:19)[39m
[31m    at require (node:internal/modules/cjs/helpers:103:18)[39m
[31m    at Object.<anonymous> (C:\Users\fwesh\Desktop\Code\social-media-app\controllers\authController.js:7:16)[39m
[31m    at Module._compile (node:internal/modules/cjs/loader:1159:14)[39m
[31m    at Module._extensions..js (node:internal/modules/cjs/loader:1213:10)[39m
[31m    at Module.load (node:internal/modules/cjs/loader:1037:32)[39m
[31m    at Module._load (node:internal/modules/cjs/loader:878:12)[39m
[31m    at Module.require (node:internal/modules/cjs/loader:1061:19)[39m
2023-02-07 03:18:21:1821 [31merror[39m: [31mEmail Or Password Incorrect[39m
2023-02-07 03:18:27:1827 [31merror[39m: [31mUser already exists. Please login[39m
2023-02-07 03:19:53:1953 [31merror[39m: [31mEmail Or Password Incorrect[39m
2023-02-07 03:20:35:2035 [31merror[39m: [31mEmail Or Password Incorrect[39m
2023-02-07 03:21:45:2145 [31merror[39m: [31mEmail Or Password Incorrect[39m
2023-02-07 03:22:24:2224 [31merror[39m: [31mNo User with that email[39m
2023-02-07 11:58:42:5842 [31merror[39m: [31mUser already exists. Please login[39m
2023-02-07 11:58:56:5856 [31merror[39m: [31mEmail Or Password Incorrect[39m
2023-02-07 12:11:51:1151 [31merror[39m: [31mEmail Or Password Incorrect[39m
2023-02-07 12:13:11:1311 [31merror[39m: [31mEmail Or Password Incorrect[39m
2023-02-07 12:15:19:1519 [31merror[39m: [31mEmail Or Password Incorrect[39m
2023-02-07 12:16:20:1620 [31merror[39m: [31mEmail Or Password Incorrect[39m
2023-02-07 12:16:25:1625 [31merror[39m: [31mEmail Or Password Incorrect[39m
2023-02-07 12:20:19:2019 [31merror[39m: [31mEmail Or Password Incorrect[39m
2023-02-07 12:22:22:2222 [31merror[39m: [31mEmail Or Password Incorrect[39m
2023-02-07 12:24:52:2452 [31merror[39m: [31muncaughtException: Unexpected token ')'[39m
[31mC:\Users\fwesh\Desktop\Code\social-media-app\models\userModel.js:85[39m
[31m    return await bcrypt.compare("Tester4321", this.);[39m
[31m                                                   ^[39m

[31mSyntaxError: Unexpected token ')'[39m
[31m    at Object.compileFunction (node:vm:360:18)[39m
[31m    at wrapSafe (node:internal/modules/cjs/loader:1088:15)[39m
[31m    at Module._compile (node:internal/modules/cjs/loader:1123:27)[39m
[31m    at Module._extensions..js (node:internal/modules/cjs/loader:1213:10)[39m
[31m    at Module.load (node:internal/modules/cjs/loader:1037:32)[39m
[31m    at Module._load (node:internal/modules/cjs/loader:878:12)[39m
[31m    at Module.require (node:internal/modules/cjs/loader:1061:19)[39m
[31m    at require (node:internal/modules/cjs/helpers:103:18)[39m
[31m    at Object.<anonymous> (C:\Users\fwesh\Desktop\Code\social-media-app\models\index.js:13:19)[39m
[31m    at Module._compile (node:internal/modules/cjs/loader:1159:14)[39m
2023-02-07 12:25:30:2530 [31merror[39m: [31muncaughtException: Unexpected token ')'[39m
[31mC:\Users\fwesh\Desktop\Code\social-media-app\controllers\authController.js:92[39m
[31m  console.log(await );[39m
[31m                    ^[39m

[31mSyntaxError: Unexpected token ')'[39m
[31m    at Object.compileFunction (node:vm:360:18)[39m
[31m    at wrapSafe (node:internal/modules/cjs/loader:1088:15)[39m
[31m    at Module._compile (node:internal/modules/cjs/loader:1123:27)[39m
[31m    at Module._extensions..js (node:internal/modules/cjs/loader:1213:10)[39m
[31m    at Module.load (node:internal/modules/cjs/loader:1037:32)[39m
[31m    at Module._load (node:internal/modules/cjs/loader:878:12)[39m
[31m    at Module.require (node:internal/modules/cjs/loader:1061:19)[39m
[31m    at require (node:internal/modules/cjs/helpers:103:18)[39m
[31m    at Object.<anonymous> (C:\Users\fwesh\Desktop\Code\social-media-app\routes\userRoute.js:2:24)[39m
[31m    at Module._compile (node:internal/modules/cjs/loader:1159:14)[39m
2023-02-07 12:25:57:2557 [31merror[39m: [31mEmail Or Password Incorrect[39m
2023-02-07 12:55:30:5530 [31merror[39m: [31muncaughtException: Unexpected token '}'[39m
[31mC:\Users\fwesh\Desktop\Code\social-media-app\models\userModel.js:68[39m
[31m  });[39m
[31m  ^[39m

[31mSyntaxError: Unexpected token '}'[39m
[31m    at Object.compileFunction (node:vm:360:18)[39m
[31m    at wrapSafe (node:internal/modules/cjs/loader:1088:15)[39m
[31m    at Module._compile (node:internal/modules/cjs/loader:1123:27)[39m
[31m    at Module._extensions..js (node:internal/modules/cjs/loader:1213:10)[39m
[31m    at Module.load (node:internal/modules/cjs/loader:1037:32)[39m
[31m    at Module._load (node:internal/modules/cjs/loader:878:12)[39m
[31m    at Module.require (node:internal/modules/cjs/loader:1061:19)[39m
[31m    at require (node:internal/modules/cjs/helpers:103:18)[39m
[31m    at Object.<anonymous> (C:\Users\fwesh\Desktop\Code\social-media-app\models\index.js:13:19)[39m
[31m    at Module._compile (node:internal/modules/cjs/loader:1159:14)[39m
2023-02-07 12:58:10:5810 [31merror[39m: [31mUser already exists. Please login[39m
2023-02-07 12:59:23:5923 [31merror[39m: [31mEmail Or Password Incorrect[39m
2023-02-07 13:01:50:150 [31merror[39m: [31mToken Expired Or Invalid Token, Request for a new token[39m
2023-02-07 13:02:15:215 [31merror[39m: [31mpassword is not defined[39m
2023-02-07 13:03:27:327 [31merror[39m: [31mpassword is not defined[39m
2023-02-07 14:36:21:3621 [31merror[39m: [31muncaughtException: Invalid or unexpected token[39m
[31mC:\Users\fwesh\Desktop\Code\social-media-app\models\userModel.js:66[39m
[31m    if (!user.changed(")) {[39m
[31m                      ^^^^^[39m

[31mSyntaxError: Invalid or unexpected token[39m
[31m    at Object.compileFunction (node:vm:360:18)[39m
[31m    at wrapSafe (node:internal/modules/cjs/loader:1088:15)[39m
[31m    at Module._compile (node:internal/modules/cjs/loader:1123:27)[39m
[31m    at Module._extensions..js (node:internal/modules/cjs/loader:1213:10)[39m
[31m    at Module.load (node:internal/modules/cjs/loader:1037:32)[39m
[31m    at Module._load (node:internal/modules/cjs/loader:878:12)[39m
[31m    at Module.require (node:internal/modules/cjs/loader:1061:19)[39m
[31m    at require (node:internal/modules/cjs/helpers:103:18)[39m
[31m    at Object.<anonymous> (C:\Users\fwesh\Desktop\Code\social-media-app\models\index.js:13:19)[39m
[31m    at Module._compile (node:internal/modules/cjs/loader:1159:14)[39m
2023-02-07 14:36:56:3656 [31merror[39m: [31mpassword is not defined[39m
2023-02-07 14:51:39:5139 [31merror[39m: [31muncaughtException: Unexpected token '.'[39m
[31mC:\Users\fwesh\Desktop\Code\social-media-app\controllers\authController.js:188[39m
[31m   user.password = req.body.password;[39m
[31m       ^[39m

[31mSyntaxError: Unexpected token '.'[39m
[31m    at Object.compileFunction (node:vm:360:18)[39m
[31m    at wrapSafe (node:internal/modules/cjs/loader:1088:15)[39m
[31m    at Module._compile (node:internal/modules/cjs/loader:1123:27)[39m
[31m    at Module._extensions..js (node:internal/modules/cjs/loader:1213:10)[39m
[31m    at Module.load (node:internal/modules/cjs/loader:1037:32)[39m
[31m    at Module._load (node:internal/modules/cjs/loader:878:12)[39m
[31m    at Module.require (node:internal/modules/cjs/loader:1061:19)[39m
[31m    at require (node:internal/modules/cjs/helpers:103:18)[39m
[31m    at Object.<anonymous> (C:\Users\fwesh\Desktop\Code\social-media-app\routes\userRoute.js:2:24)[39m
[31m    at Module._compile (node:internal/modules/cjs/loader:1159:14)[39m
2023-02-07 14:51:48:5148 [31merror[39m: [31muncaughtException: Unexpected token '.'[39m
[31mC:\Users\fwesh\Desktop\Code\social-media-app\controllers\authController.js:188[39m
[31m   user.password : req.body.password;[39m
[31m       ^[39m

[31mSyntaxError: Unexpected token '.'[39m
[31m    at Object.compileFunction (node:vm:360:18)[39m
[31m    at wrapSafe (node:internal/modules/cjs/loader:1088:15)[39m
[31m    at Module._compile (node:internal/modules/cjs/loader:1123:27)[39m
[31m    at Module._extensions..js (node:internal/modules/cjs/loader:1213:10)[39m
[31m    at Module.load (node:internal/modules/cjs/loader:1037:32)[39m
[31m    at Module._load (node:internal/modules/cjs/loader:878:12)[39m
[31m    at Module.require (node:internal/modules/cjs/loader:1061:19)[39m
[31m    at require (node:internal/modules/cjs/helpers:103:18)[39m
[31m    at Object.<anonymous> (C:\Users\fwesh\Desktop\Code\social-media-app\routes\userRoute.js:2:24)[39m
[31m    at Module._compile (node:internal/modules/cjs/loader:1159:14)[39m
2023-02-07 14:51:52:5152 [31merror[39m: [31muncaughtException: Unexpected token '.'[39m
[31mC:\Users\fwesh\Desktop\Code\social-media-app\controllers\authController.js:188[39m
[31m   user.password : req.body.password;[39m
[31m       ^[39m

[31mSyntaxError: Unexpected token '.'[39m
[31m    at Object.compileFunction (node:vm:360:18)[39m
[31m    at wrapSafe (node:internal/modules/cjs/loader:1088:15)[39m
[31m    at Module._compile (node:internal/modules/cjs/loader:1123:27)[39m
[31m    at Module._extensions..js (node:internal/modules/cjs/loader:1213:10)[39m
[31m    at Module.load (node:internal/modules/cjs/loader:1037:32)[39m
[31m    at Module._load (node:internal/modules/cjs/loader:878:12)[39m
[31m    at Module.require (node:internal/modules/cjs/loader:1061:19)[39m
[31m    at require (node:internal/modules/cjs/helpers:103:18)[39m
[31m    at Object.<anonymous> (C:\Users\fwesh\Desktop\Code\social-media-app\routes\userRoute.js:2:24)[39m
[31m    at Module._compile (node:internal/modules/cjs/loader:1159:14)[39m
2023-02-07 14:51:54:5154 [31merror[39m: [31muncaughtException: Unexpected token '.'[39m
[31mC:\Users\fwesh\Desktop\Code\social-media-app\controllers\authController.js:188[39m
[31m   user.password : req.body.password;[39m
[31m       ^[39m

[31mSyntaxError: Unexpected token '.'[39m
[31m    at Object.compileFunction (node:vm:360:18)[39m
[31m    at wrapSafe (node:internal/modules/cjs/loader:1088:15)[39m
[31m    at Module._compile (node:internal/modules/cjs/loader:1123:27)[39m
[31m    at Module._extensions..js (node:internal/modules/cjs/loader:1213:10)[39m
[31m    at Module.load (node:internal/modules/cjs/loader:1037:32)[39m
[31m    at Module._load (node:internal/modules/cjs/loader:878:12)[39m
[31m    at Module.require (node:internal/modules/cjs/loader:1061:19)[39m
[31m    at require (node:internal/modules/cjs/helpers:103:18)[39m
[31m    at Object.<anonymous> (C:\Users\fwesh\Desktop\Code\social-media-app\routes\userRoute.js:2:24)[39m
[31m    at Module._compile (node:internal/modules/cjs/loader:1159:14)[39m
2023-02-07 14:51:59:5159 [31merror[39m: [31muncaughtException: Unexpected token ';'[39m
[31mC:\Users\fwesh\Desktop\Code\social-media-app\controllers\authController.js:188[39m
[31m   password : req.body.password;[39m
[31m                               ^[39m

[31mSyntaxError: Unexpected token ';'[39m
[31m    at Object.compileFunction (node:vm:360:18)[39m
[31m    at wrapSafe (node:internal/modules/cjs/loader:1088:15)[39m
[31m    at Module._compile (node:internal/modules/cjs/loader:1123:27)[39m
[31m    at Module._extensions..js (node:internal/modules/cjs/loader:1213:10)[39m
[31m    at Module.load (node:internal/modules/cjs/loader:1037:32)[39m
[31m    at Module._load (node:internal/modules/cjs/loader:878:12)[39m
[31m    at Module.require (node:internal/modules/cjs/loader:1061:19)[39m
[31m    at require (node:internal/modules/cjs/helpers:103:18)[39m
[31m    at Object.<anonymous> (C:\Users\fwesh\Desktop\Code\social-media-app\routes\userRoute.js:2:24)[39m
[31m    at Module._compile (node:internal/modules/cjs/loader:1159:14)[39m
2023-02-07 14:52:02:522 [31merror[39m: [31muncaughtException: Unexpected token ';'[39m
[31mC:\Users\fwesh\Desktop\Code\social-media-app\controllers\authController.js:188[39m
[31m   password : req.body.password;[39m
[31m                               ^[39m

[31mSyntaxError: Unexpected token ';'[39m
[31m    at Object.compileFunction (node:vm:360:18)[39m
[31m    at wrapSafe (node:internal/modules/cjs/loader:1088:15)[39m
[31m    at Module._compile (node:internal/modules/cjs/loader:1123:27)[39m
[31m    at Module._extensions..js (node:internal/modules/cjs/loader:1213:10)[39m
[31m    at Module.load (node:internal/modules/cjs/loader:1037:32)[39m
[31m    at Module._load (node:internal/modules/cjs/loader:878:12)[39m
[31m    at Module.require (node:internal/modules/cjs/loader:1061:19)[39m
[31m    at require (node:internal/modules/cjs/helpers:103:18)[39m
[31m    at Object.<anonymous> (C:\Users\fwesh\Desktop\Code\social-media-app\routes\userRoute.js:2:24)[39m
[31m    at Module._compile (node:internal/modules/cjs/loader:1159:14)[39m
2023-02-07 14:52:05:525 [31merror[39m: [31muncaughtException: Unexpected token ';'[39m
[31mC:\Users\fwesh\Desktop\Code\social-media-app\controllers\authController.js:188[39m
[31m   password : req.body.password;[39m
[31m                               ^[39m

[31mSyntaxError: Unexpected token ';'[39m
[31m    at Object.compileFunction (node:vm:360:18)[39m
[31m    at wrapSafe (node:internal/modules/cjs/loader:1088:15)[39m
[31m    at Module._compile (node:internal/modules/cjs/loader:1123:27)[39m
[31m    at Module._extensions..js (node:internal/modules/cjs/loader:1213:10)[39m
[31m    at Module.load (node:internal/modules/cjs/loader:1037:32)[39m
[31m    at Module._load (node:internal/modules/cjs/loader:878:12)[39m
[31m    at Module.require (node:internal/modules/cjs/loader:1061:19)[39m
[31m    at require (node:internal/modules/cjs/helpers:103:18)[39m
[31m    at Object.<anonymous> (C:\Users\fwesh\Desktop\Code\social-media-app\routes\userRoute.js:2:24)[39m
[31m    at Module._compile (node:internal/modules/cjs/loader:1159:14)[39m
2023-02-07 14:52:09:529 [31merror[39m: [31muncaughtException: Unexpected token ';'[39m
[31mC:\Users\fwesh\Desktop\Code\social-media-app\controllers\authController.js:190[39m
[31m  passwordResetExpires: null;[39m
[31m                            ^[39m

[31mSyntaxError: Unexpected token ';'[39m
[31m    at Object.compileFunction (node:vm:360:18)[39m
[31m    at wrapSafe (node:internal/modules/cjs/loader:1088:15)[39m
[31m    at Module._compile (node:internal/modules/cjs/loader:1123:27)[39m
[31m    at Module._extensions..js (node:internal/modules/cjs/loader:1213:10)[39m
[31m    at Module.load (node:internal/modules/cjs/loader:1037:32)[39m
[31m    at Module._load (node:internal/modules/cjs/loader:878:12)[39m
[31m    at Module.require (node:internal/modules/cjs/loader:1061:19)[39m
[31m    at require (node:internal/modules/cjs/helpers:103:18)[39m
[31m    at Object.<anonymous> (C:\Users\fwesh\Desktop\Code\social-media-app\routes\userRoute.js:2:24)[39m
[31m    at Module._compile (node:internal/modules/cjs/loader:1159:14)[39m
2023-02-07 14:52:13:5213 [31merror[39m: [31muncaughtException: Unexpected token ';'[39m
[31mC:\Users\fwesh\Desktop\Code\social-media-app\controllers\authController.js:190[39m
[31m  passwordResetExpires: null;[39m
[31m                            ^[39m

[31mSyntaxError: Unexpected token ';'[39m
[31m    at Object.compileFunction (node:vm:360:18)[39m
[31m    at wrapSafe (node:internal/modules/cjs/loader:1088:15)[39m
[31m    at Module._compile (node:internal/modules/cjs/loader:1123:27)[39m
[31m    at Module._extensions..js (node:internal/modules/cjs/loader:1213:10)[39m
[31m    at Module.load (node:internal/modules/cjs/loader:1037:32)[39m
[31m    at Module._load (node:internal/modules/cjs/loader:878:12)[39m
[31m    at Module.require (node:internal/modules/cjs/loader:1061:19)[39m
[31m    at require (node:internal/modules/cjs/helpers:103:18)[39m
[31m    at Object.<anonymous> (C:\Users\fwesh\Desktop\Code\social-media-app\routes\userRoute.js:2:24)[39m
[31m    at Module._compile (node:internal/modules/cjs/loader:1159:14)[39m
2023-02-07 14:52:14:5214 [31merror[39m: [31muncaughtException: Unexpected token ';'[39m
[31mC:\Users\fwesh\Desktop\Code\social-media-app\controllers\authController.js:190[39m
[31m  passwordResetExpires: null;[39m
[31m                            ^[39m

[31mSyntaxError: Unexpected token ';'[39m
[31m    at Object.compileFunction (node:vm:360:18)[39m
[31m    at wrapSafe (node:internal/modules/cjs/loader:1088:15)[39m
[31m    at Module._compile (node:internal/modules/cjs/loader:1123:27)[39m
[31m    at Module._extensions..js (node:internal/modules/cjs/loader:1213:10)[39m
[31m    at Module.load (node:internal/modules/cjs/loader:1037:32)[39m
[31m    at Module._load (node:internal/modules/cjs/loader:878:12)[39m
[31m    at Module.require (node:internal/modules/cjs/loader:1061:19)[39m
[31m    at require (node:internal/modules/cjs/helpers:103:18)[39m
[31m    at Object.<anonymous> (C:\Users\fwesh\Desktop\Code\social-media-app\routes\userRoute.js:2:24)[39m
[31m    at Module._compile (node:internal/modules/cjs/loader:1159:14)[39m
2023-02-07 14:52:26:5226 [31merror[39m: [31muncaughtException: missing ) after argument list[39m
[31mC:\Users\fwesh\Desktop\Code\social-media-app\controllers\authController.js:191[39m
[31m  }[39m
[31m  ^[39m

[31mSyntaxError: missing ) after argument list[39m
[31m    at Object.compileFunction (node:vm:360:18)[39m
[31m    at wrapSafe (node:internal/modules/cjs/loader:1088:15)[39m
[31m    at Module._compile (node:internal/modules/cjs/loader:1123:27)[39m
[31m    at Module._extensions..js (node:internal/modules/cjs/loader:1213:10)[39m
[31m    at Module.load (node:internal/modules/cjs/loader:1037:32)[39m
[31m    at Module._load (node:internal/modules/cjs/loader:878:12)[39m
[31m    at Module.require (node:internal/modules/cjs/loader:1061:19)[39m
[31m    at require (node:internal/modules/cjs/helpers:103:18)[39m
[31m    at Object.<anonymous> (C:\Users\fwesh\Desktop\Code\social-media-app\routes\userRoute.js:2:24)[39m
[31m    at Module._compile (node:internal/modules/cjs/loader:1159:14)[39m
2023-02-07 14:52:28:5228 [31merror[39m: [31muncaughtException: missing ) after argument list[39m
[31mC:\Users\fwesh\Desktop\Code\social-media-app\controllers\authController.js:191[39m
[31m  }[39m
[31m  ^[39m

[31mSyntaxError: missing ) after argument list[39m
[31m    at Object.compileFunction (node:vm:360:18)[39m
[31m    at wrapSafe (node:internal/modules/cjs/loader:1088:15)[39m
[31m    at Module._compile (node:internal/modules/cjs/loader:1123:27)[39m
[31m    at Module._extensions..js (node:internal/modules/cjs/loader:1213:10)[39m
[31m    at Module.load (node:internal/modules/cjs/loader:1037:32)[39m
[31m    at Module._load (node:internal/modules/cjs/loader:878:12)[39m
[31m    at Module.require (node:internal/modules/cjs/loader:1061:19)[39m
[31m    at require (node:internal/modules/cjs/helpers:103:18)[39m
[31m    at Object.<anonymous> (C:\Users\fwesh\Desktop\Code\social-media-app\routes\userRoute.js:2:24)[39m
[31m    at Module._compile (node:internal/modules/cjs/loader:1159:14)[39m
2023-02-07 14:52:30:5230 [31merror[39m: [31muncaughtException: missing ) after argument list[39m
[31mC:\Users\fwesh\Desktop\Code\social-media-app\controllers\authController.js:191[39m
[31m  }[39m
[31m  ^[39m

[31mSyntaxError: missing ) after argument list[39m
[31m    at Object.compileFunction (node:vm:360:18)[39m
[31m    at wrapSafe (node:internal/modules/cjs/loader:1088:15)[39m
[31m    at Module._compile (node:internal/modules/cjs/loader:1123:27)[39m
[31m    at Module._extensions..js (node:internal/modules/cjs/loader:1213:10)[39m
[31m    at Module.load (node:internal/modules/cjs/loader:1037:32)[39m
[31m    at Module._load (node:internal/modules/cjs/loader:878:12)[39m
[31m    at Module.require (node:internal/modules/cjs/loader:1061:19)[39m
[31m    at require (node:internal/modules/cjs/helpers:103:18)[39m
[31m    at Object.<anonymous> (C:\Users\fwesh\Desktop\Code\social-media-app\routes\userRoute.js:2:24)[39m
[31m    at Module._compile (node:internal/modules/cjs/loader:1159:14)[39m
2023-02-07 14:53:16:5316 [31merror[39m: [31muncaughtException: missing ) after argument list[39m
[31mC:\Users\fwesh\Desktop\Code\social-media-app\controllers\authController.js:191[39m
[31m  }[39m
[31m  ^[39m

[31mSyntaxError: missing ) after argument list[39m
[31m    at Object.compileFunction (node:vm:360:18)[39m
[31m    at wrapSafe (node:internal/modules/cjs/loader:1088:15)[39m
[31m    at Module._compile (node:internal/modules/cjs/loader:1123:27)[39m
[31m    at Module._extensions..js (node:internal/modules/cjs/loader:1213:10)[39m
[31m    at Module.load (node:internal/modules/cjs/loader:1037:32)[39m
[31m    at Module._load (node:internal/modules/cjs/loader:878:12)[39m
[31m    at Module.require (node:internal/modules/cjs/loader:1061:19)[39m
[31m    at require (node:internal/modules/cjs/helpers:103:18)[39m
[31m    at Object.<anonymous> (C:\Users\fwesh\Desktop\Code\social-media-app\routes\userRoute.js:2:24)[39m
[31m    at Module._compile (node:internal/modules/cjs/loader:1159:14)[39m
2023-02-07 14:53:35:5335 [31merror[39m: [31muncaughtException: missing ) after argument list[39m
[31mC:\Users\fwesh\Desktop\Code\social-media-app\controllers\authController.js:191[39m
[31m  }[39m
[31m  ^[39m

[31mSyntaxError: missing ) after argument list[39m
[31m    at Object.compileFunction (node:vm:360:18)[39m
[31m    at wrapSafe (node:internal/modules/cjs/loader:1088:15)[39m
[31m    at Module._compile (node:internal/modules/cjs/loader:1123:27)[39m
[31m    at Module._extensions..js (node:internal/modules/cjs/loader:1213:10)[39m
[31m    at Module.load (node:internal/modules/cjs/loader:1037:32)[39m
[31m    at Module._load (node:internal/modules/cjs/loader:878:12)[39m
[31m    at Module.require (node:internal/modules/cjs/loader:1061:19)[39m
[31m    at require (node:internal/modules/cjs/helpers:103:18)[39m
[31m    at Object.<anonymous> (C:\Users\fwesh\Desktop\Code\social-media-app\routes\userRoute.js:2:24)[39m
[31m    at Module._compile (node:internal/modules/cjs/loader:1159:14)[39m
2023-02-07 14:55:36:5536 [31merror[39m: [31muncaughtException: missing ) after argument list[39m
[31mC:\Users\fwesh\Desktop\Code\social-media-app\controllers\authController.js:191[39m
[31m  }[39m
[31m  ^[39m

[31mSyntaxError: missing ) after argument list[39m
[31m    at Object.compileFunction (node:vm:360:18)[39m
[31m    at wrapSafe (node:internal/modules/cjs/loader:1088:15)[39m
[31m    at Module._compile (node:internal/modules/cjs/loader:1123:27)[39m
[31m    at Module._extensions..js (node:internal/modules/cjs/loader:1213:10)[39m
[31m    at Module.load (node:internal/modules/cjs/loader:1037:32)[39m
[31m    at Module._load (node:internal/modules/cjs/loader:878:12)[39m
[31m    at Module.require (node:internal/modules/cjs/loader:1061:19)[39m
[31m    at require (node:internal/modules/cjs/helpers:103:18)[39m
[31m    at Object.<anonymous> (C:\Users\fwesh\Desktop\Code\social-media-app\routes\userRoute.js:2:24)[39m
[31m    at Module._compile (node:internal/modules/cjs/loader:1159:14)[39m
2023-02-07 14:55:45:5545 [31merror[39m: [31muncaughtException: Unexpected token '}'[39m
[31mC:\Users\fwesh\Desktop\Code\social-media-app\controllers\authController.js:192[39m
[31m  {where: }[39m
[31m          ^[39m

[31mSyntaxError: Unexpected token '}'[39m
[31m    at Object.compileFunction (node:vm:360:18)[39m
[31m    at wrapSafe (node:internal/modules/cjs/loader:1088:15)[39m
[31m    at Module._compile (node:internal/modules/cjs/loader:1123:27)[39m
[31m    at Module._extensions..js (node:internal/modules/cjs/loader:1213:10)[39m
[31m    at Module.load (node:internal/modules/cjs/loader:1037:32)[39m
[31m    at Module._load (node:internal/modules/cjs/loader:878:12)[39m
[31m    at Module.require (node:internal/modules/cjs/loader:1061:19)[39m
[31m    at require (node:internal/modules/cjs/helpers:103:18)[39m
[31m    at Object.<anonymous> (C:\Users\fwesh\Desktop\Code\social-media-app\routes\userRoute.js:2:24)[39m
[31m    at Module._compile (node:internal/modules/cjs/loader:1159:14)[39m
2023-02-07 14:57:07:577 [31merror[39m: [31muncaughtException: User.beforeUpda is not a function[39m
[31mTypeError: User.beforeUpda is not a function[39m
[31m    at module.exports (C:\Users\fwesh\Desktop\Code\social-media-app\models\userModel.js:65:8)[39m
[31m    at Object.<anonymous> (C:\Users\fwesh\Desktop\Code\social-media-app\models\index.js:45:12)[39m
[31m    at Module._compile (node:internal/modules/cjs/loader:1159:14)[39m
[31m    at Module._extensions..js (node:internal/modules/cjs/loader:1213:10)[39m
[31m    at Module.load (node:internal/modules/cjs/loader:1037:32)[39m
[31m    at Module._load (node:internal/modules/cjs/loader:878:12)[39m
[31m    at Module.require (node:internal/modules/cjs/loader:1061:19)[39m
[31m    at require (node:internal/modules/cjs/helpers:103:18)[39m
[31m    at Object.<anonymous> (C:\Users\fwesh\Desktop\Code\social-media-app\controllers\authController.js:5:12)[39m
[31m    at Module._compile (node:internal/modules/cjs/loader:1159:14)[39m
2023-02-07 14:59:30:5930 [31merror[39m: [31mToken Expired Or Invalid Token, Request for a new token[39m
2023-02-07 15:01:51:151 [31merror[39m: [31mToken Expired Or Invalid Token, Request for a new token[39m
2023-02-07 15:06:49:649 [31merror[39m: [31mEmail Or Password Incorrect[39m
2023-02-07 15:07:15:715 [31merror[39m: [31mEmail Or Password Incorrect[39m
2023-02-07 15:21:55:2155 [31merror[39m: [31mEmail Or Password Incorrect[39m
2023-02-07 15:24:50:2450 [31merror[39m: [31mEmail Or Password Incorrect[39m
2023-02-07 15:28:58:2858 [31merror[39m: [31mEmail Or Password Incorrect[39m
2023-02-07 15:30:23:3023 [31merror[39m: [31mEmail Or Password Incorrect[39m
2023-02-07 15:34:33:3433 [31merror[39m: [31muncaughtException: Unexpected token '}'[39m
[31mC:\Users\fwesh\Desktop\Code\social-media-app\utils\email.js:82[39m
[31m};[39m
[31m^[39m

[31mSyntaxError: Unexpected token '}'[39m
[31m    at Object.compileFunction (node:vm:360:18)[39m
[31m    at wrapSafe (node:internal/modules/cjs/loader:1088:15)[39m
[31m    at Module._compile (node:internal/modules/cjs/loader:1123:27)[39m
[31m    at Module._extensions..js (node:internal/modules/cjs/loader:1213:10)[39m
[31m    at Module.load (node:internal/modules/cjs/loader:1037:32)[39m
[31m    at Module._load (node:internal/modules/cjs/loader:878:12)[39m
[31m    at Module.require (node:internal/modules/cjs/loader:1061:19)[39m
[31m    at require (node:internal/modules/cjs/helpers:103:18)[39m
[31m    at Object.<anonymous> (C:\Users\fwesh\Desktop\Code\social-media-app\controllers\authController.js:10:15)[39m
[31m    at Module._compile (node:internal/modules/cjs/loader:1159:14)[39m
2023-02-07 15:34:41:3441 [31merror[39m: [31muncaughtException: Unexpected token '}'[39m
[31mC:\Users\fwesh\Desktop\Code\social-media-app\utils\email.js:82[39m
[31m};[39m
[31m^[39m

[31mSyntaxError: Unexpected token '}'[39m
[31m    at Object.compileFunction (node:vm:360:18)[39m
[31m    at wrapSafe (node:internal/modules/cjs/loader:1088:15)[39m
[31m    at Module._compile (node:internal/modules/cjs/loader:1123:27)[39m
[31m    at Module._extensions..js (node:internal/modules/cjs/loader:1213:10)[39m
[31m    at Module.load (node:internal/modules/cjs/loader:1037:32)[39m
[31m    at Module._load (node:internal/modules/cjs/loader:878:12)[39m
[31m    at Module.require (node:internal/modules/cjs/loader:1061:19)[39m
[31m    at require (node:internal/modules/cjs/helpers:103:18)[39m
[31m    at Object.<anonymous> (C:\Users\fwesh\Desktop\Code\social-media-app\controllers\authController.js:10:15)[39m
[31m    at Module._compile (node:internal/modules/cjs/loader:1159:14)[39m
2023-02-07 15:34:45:3445 [31merror[39m: [31muncaughtException: Unexpected token '}'[39m
[31mC:\Users\fwesh\Desktop\Code\social-media-app\utils\email.js:82[39m
[31m};[39m
[31m^[39m

[31mSyntaxError: Unexpected token '}'[39m
[31m    at Object.compileFunction (node:vm:360:18)[39m
[31m    at wrapSafe (node:internal/modules/cjs/loader:1088:15)[39m
[31m    at Module._compile (node:internal/modules/cjs/loader:1123:27)[39m
[31m    at Module._extensions..js (node:internal/modules/cjs/loader:1213:10)[39m
[31m    at Module.load (node:internal/modules/cjs/loader:1037:32)[39m
[31m    at Module._load (node:internal/modules/cjs/loader:878:12)[39m
[31m    at Module.require (node:internal/modules/cjs/loader:1061:19)[39m
[31m    at require (node:internal/modules/cjs/helpers:103:18)[39m
[31m    at Object.<anonymous> (C:\Users\fwesh\Desktop\Code\social-media-app\controllers\authController.js:10:15)[39m
[31m    at Module._compile (node:internal/modules/cjs/loader:1159:14)[39m
2023-02-07 15:34:54:3454 [31merror[39m: [31muncaughtException: Unexpected token '}'[39m
[31mC:\Users\fwesh\Desktop\Code\social-media-app\utils\email.js:82[39m
[31m};[39m
[31m^[39m

[31mSyntaxError: Unexpected token '}'[39m
[31m    at Object.compileFunction (node:vm:360:18)[39m
[31m    at wrapSafe (node:internal/modules/cjs/loader:1088:15)[39m
[31m    at Module._compile (node:internal/modules/cjs/loader:1123:27)[39m
[31m    at Module._extensions..js (node:internal/modules/cjs/loader:1213:10)[39m
[31m    at Module.load (node:internal/modules/cjs/loader:1037:32)[39m
[31m    at Module._load (node:internal/modules/cjs/loader:878:12)[39m
[31m    at Module.require (node:internal/modules/cjs/loader:1061:19)[39m
[31m    at require (node:internal/modules/cjs/helpers:103:18)[39m
[31m    at Object.<anonymous> (C:\Users\fwesh\Desktop\Code\social-media-app\controllers\authController.js:10:15)[39m
[31m    at Module._compile (node:internal/modules/cjs/loader:1159:14)[39m
2023-02-07 15:36:57:3657 [31merror[39m: [31muncaughtException: Unexpected identifier[39m
[31mC:\Users\fwesh\Desktop\Code\social-media-app\controllers\authController.js:190[39m
[31m  createSendToken(user, 200, res);[39m
[31m  ^^^^^^^^^^^^^^^[39m

[31mSyntaxError: Unexpected identifier[39m
[31m    at Object.compileFunction (node:vm:360:18)[39m
[31m    at wrapSafe (node:internal/modules/cjs/loader:1088:15)[39m
[31m    at Module._compile (node:internal/modules/cjs/loader:1123:27)[39m
[31m    at Module._extensions..js (node:internal/modules/cjs/loader:1213:10)[39m
[31m    at Module.load (node:internal/modules/cjs/loader:1037:32)[39m
[31m    at Module._load (node:internal/modules/cjs/loader:878:12)[39m
[31m    at Module.require (node:internal/modules/cjs/loader:1061:19)[39m
[31m    at require (node:internal/modules/cjs/helpers:103:18)[39m
[31m    at Object.<anonymous> (C:\Users\fwesh\Desktop\Code\social-media-app\routes\userRoute.js:2:24)[39m
[31m    at Module._compile (node:internal/modules/cjs/loader:1159:14)[39m
2023-02-07 15:37:00:370 [31merror[39m: [31muncaughtException: Missing catch or finally after try[39m
[31mC:\Users\fwesh\Desktop\Code\social-media-app\controllers\authController.js:190[39m
[31m  }[39m
[31m  ^[39m

[31mSyntaxError: Missing catch or finally after try[39m
[31m    at Object.compileFunction (node:vm:360:18)[39m
[31m    at wrapSafe (node:internal/modules/cjs/loader:1088:15)[39m
[31m    at Module._compile (node:internal/modules/cjs/loader:1123:27)[39m
[31m    at Module._extensions..js (node:internal/modules/cjs/loader:1213:10)[39m
[31m    at Module.load (node:internal/modules/cjs/loader:1037:32)[39m
[31m    at Module._load (node:internal/modules/cjs/loader:878:12)[39m
[31m    at Module.require (node:internal/modules/cjs/loader:1061:19)[39m
[31m    at require (node:internal/modules/cjs/helpers:103:18)[39m
[31m    at Object.<anonymous> (C:\Users\fwesh\Desktop\Code\social-media-app\routes\userRoute.js:2:24)[39m
[31m    at Module._compile (node:internal/modules/cjs/loader:1159:14)[39m
2023-02-07 15:37:03:373 [31merror[39m: [31muncaughtException: Missing catch or finally after try[39m
[31mC:\Users\fwesh\Desktop\Code\social-media-app\controllers\authController.js:190[39m
[31m  }[39m
[31m  ^[39m

[31mSyntaxError: Missing catch or finally after try[39m
[31m    at Object.compileFunction (node:vm:360:18)[39m
[31m    at wrapSafe (node:internal/modules/cjs/loader:1088:15)[39m
[31m    at Module._compile (node:internal/modules/cjs/loader:1123:27)[39m
[31m    at Module._extensions..js (node:internal/modules/cjs/loader:1213:10)[39m
[31m    at Module.load (node:internal/modules/cjs/loader:1037:32)[39m
[31m    at Module._load (node:internal/modules/cjs/loader:878:12)[39m
[31m    at Module.require (node:internal/modules/cjs/loader:1061:19)[39m
[31m    at require (node:internal/modules/cjs/helpers:103:18)[39m
[31m    at Object.<anonymous> (C:\Users\fwesh\Desktop\Code\social-media-app\routes\userRoute.js:2:24)[39m
[31m    at Module._compile (node:internal/modules/cjs/loader:1159:14)[39m
2023-02-07 15:37:25:3725 [31merror[39m: [31muncaughtException: Missing catch or finally after try[39m
[31mC:\Users\fwesh\Desktop\Code\social-media-app\controllers\authController.js:191[39m
[31m  }[39m
[31m  ^[39m

[31mSyntaxError: Missing catch or finally after try[39m
[31m    at Object.compileFunction (node:vm:360:18)[39m
[31m    at wrapSafe (node:internal/modules/cjs/loader:1088:15)[39m
[31m    at Module._compile (node:internal/modules/cjs/loader:1123:27)[39m
[31m    at Module._extensions..js (node:internal/modules/cjs/loader:1213:10)[39m
[31m    at Module.load (node:internal/modules/cjs/loader:1037:32)[39m
[31m    at Module._load (node:internal/modules/cjs/loader:878:12)[39m
[31m    at Module.require (node:internal/modules/cjs/loader:1061:19)[39m
[31m    at require (node:internal/modules/cjs/helpers:103:18)[39m
[31m    at Object.<anonymous> (C:\Users\fwesh\Desktop\Code\social-media-app\routes\userRoute.js:2:24)[39m
[31m    at Module._compile (node:internal/modules/cjs/loader:1159:14)[39m
2023-02-07 15:37:31:3731 [31merror[39m: [31muncaughtException: Missing catch or finally after try[39m
[31mC:\Users\fwesh\Desktop\Code\social-media-app\controllers\authController.js:191[39m
[31m  }[39m
[31m  ^[39m

[31mSyntaxError: Missing catch or finally after try[39m
[31m    at Object.compileFunction (node:vm:360:18)[39m
[31m    at wrapSafe (node:internal/modules/cjs/loader:1088:15)[39m
[31m    at Module._compile (node:internal/modules/cjs/loader:1123:27)[39m
[31m    at Module._extensions..js (node:internal/modules/cjs/loader:1213:10)[39m
[31m    at Module.load (node:internal/modules/cjs/loader:1037:32)[39m
[31m    at Module._load (node:internal/modules/cjs/loader:878:12)[39m
[31m    at Module.require (node:internal/modules/cjs/loader:1061:19)[39m
[31m    at require (node:internal/modules/cjs/helpers:103:18)[39m
[31m    at Object.<anonymous> (C:\Users\fwesh\Desktop\Code\social-media-app\routes\userRoute.js:2:24)[39m
[31m    at Module._compile (node:internal/modules/cjs/loader:1159:14)[39m
2023-02-07 15:37:41:3741 [31merror[39m: [31muncaughtException: Missing catch or finally after try[39m
[31mC:\Users\fwesh\Desktop\Code\social-media-app\controllers\authController.js:192[39m
[31m  }[39m
[31m  ^[39m

[31mSyntaxError: Missing catch or finally after try[39m
[31m    at Object.compileFunction (node:vm:360:18)[39m
[31m    at wrapSafe (node:internal/modules/cjs/loader:1088:15)[39m
[31m    at Module._compile (node:internal/modules/cjs/loader:1123:27)[39m
[31m    at Module._extensions..js (node:internal/modules/cjs/loader:1213:10)[39m
[31m    at Module.load (node:internal/modules/cjs/loader:1037:32)[39m
[31m    at Module._load (node:internal/modules/cjs/loader:878:12)[39m
[31m    at Module.require (node:internal/modules/cjs/loader:1061:19)[39m
[31m    at require (node:internal/modules/cjs/helpers:103:18)[39m
[31m    at Object.<anonymous> (C:\Users\fwesh\Desktop\Code\social-media-app\routes\userRoute.js:2:24)[39m
[31m    at Module._compile (node:internal/modules/cjs/loader:1159:14)[39m
2023-02-07 15:37:45:3745 [31merror[39m: [31muncaughtException: Missing catch or finally after try[39m
[31mC:\Users\fwesh\Desktop\Code\social-media-app\controllers\authController.js:192[39m
[31m  }[39m
[31m  ^[39m

[31mSyntaxError: Missing catch or finally after try[39m
[31m    at Object.compileFunction (node:vm:360:18)[39m
[31m    at wrapSafe (node:internal/modules/cjs/loader:1088:15)[39m
[31m    at Module._compile (node:internal/modules/cjs/loader:1123:27)[39m
[31m    at Module._extensions..js (node:internal/modules/cjs/loader:1213:10)[39m
[31m    at Module.load (node:internal/modules/cjs/loader:1037:32)[39m
[31m    at Module._load (node:internal/modules/cjs/loader:878:12)[39m
[31m    at Module.require (node:internal/modules/cjs/loader:1061:19)[39m
[31m    at require (node:internal/modules/cjs/helpers:103:18)[39m
[31m    at Object.<anonymous> (C:\Users\fwesh\Desktop\Code\social-media-app\routes\userRoute.js:2:24)[39m
[31m    at Module._compile (node:internal/modules/cjs/loader:1159:14)[39m
2023-02-07 15:37:54:3754 [31merror[39m: [31muncaughtException: Missing catch or finally after try[39m
[31mC:\Users\fwesh\Desktop\Code\social-media-app\controllers\authController.js:194[39m
[31m  }[39m
[31m  ^[39m

[31mSyntaxError: Missing catch or finally after try[39m
[31m    at Object.compileFunction (node:vm:360:18)[39m
[31m    at wrapSafe (node:internal/modules/cjs/loader:1088:15)[39m
[31m    at Module._compile (node:internal/modules/cjs/loader:1123:27)[39m
[31m    at Module._extensions..js (node:internal/modules/cjs/loader:1213:10)[39m
[31m    at Module.load (node:internal/modules/cjs/loader:1037:32)[39m
[31m    at Module._load (node:internal/modules/cjs/loader:878:12)[39m
[31m    at Module.require (node:internal/modules/cjs/loader:1061:19)[39m
[31m    at require (node:internal/modules/cjs/helpers:103:18)[39m
[31m    at Object.<anonymous> (C:\Users\fwesh\Desktop\Code\social-media-app\routes\userRoute.js:2:24)[39m
[31m    at Module._compile (node:internal/modules/cjs/loader:1159:14)[39m
2023-02-07 15:37:59:3759 [31merror[39m: [31muncaughtException: Missing catch or finally after try[39m
[31mC:\Users\fwesh\Desktop\Code\social-media-app\controllers\authController.js:194[39m
[31m  }[39m
[31m  ^[39m

[31mSyntaxError: Missing catch or finally after try[39m
[31m    at Object.compileFunction (node:vm:360:18)[39m
[31m    at wrapSafe (node:internal/modules/cjs/loader:1088:15)[39m
[31m    at Module._compile (node:internal/modules/cjs/loader:1123:27)[39m
[31m    at Module._extensions..js (node:internal/modules/cjs/loader:1213:10)[39m
[31m    at Module.load (node:internal/modules/cjs/loader:1037:32)[39m
[31m    at Module._load (node:internal/modules/cjs/loader:878:12)[39m
[31m    at Module.require (node:internal/modules/cjs/loader:1061:19)[39m
[31m    at require (node:internal/modules/cjs/helpers:103:18)[39m
[31m    at Object.<anonymous> (C:\Users\fwesh\Desktop\Code\social-media-app\routes\userRoute.js:2:24)[39m
[31m    at Module._compile (node:internal/modules/cjs/loader:1159:14)[39m
2023-02-07 15:38:03:383 [31merror[39m: [31muncaughtException: Missing catch or finally after try[39m
[31mC:\Users\fwesh\Desktop\Code\social-media-app\controllers\authController.js:194[39m
[31m  }[39m
[31m  ^[39m

[31mSyntaxError: Missing catch or finally after try[39m
[31m    at Object.compileFunction (node:vm:360:18)[39m
[31m    at wrapSafe (node:internal/modules/cjs/loader:1088:15)[39m
[31m    at Module._compile (node:internal/modules/cjs/loader:1123:27)[39m
[31m    at Module._extensions..js (node:internal/modules/cjs/loader:1213:10)[39m
[31m    at Module.load (node:internal/modules/cjs/loader:1037:32)[39m
[31m    at Module._load (node:internal/modules/cjs/loader:878:12)[39m
[31m    at Module.require (node:internal/modules/cjs/loader:1061:19)[39m
[31m    at require (node:internal/modules/cjs/helpers:103:18)[39m
[31m    at Object.<anonymous> (C:\Users\fwesh\Desktop\Code\social-media-app\routes\userRoute.js:2:24)[39m
[31m    at Module._compile (node:internal/modules/cjs/loader:1159:14)[39m
2023-02-07 15:38:09:389 [31merror[39m: [31muncaughtException: Missing catch or finally after try[39m
[31mC:\Users\fwesh\Desktop\Code\social-media-app\controllers\authController.js:194[39m
[31m  }[39m
[31m  ^[39m

[31mSyntaxError: Missing catch or finally after try[39m
[31m    at Object.compileFunction (node:vm:360:18)[39m
[31m    at wrapSafe (node:internal/modules/cjs/loader:1088:15)[39m
[31m    at Module._compile (node:internal/modules/cjs/loader:1123:27)[39m
[31m    at Module._extensions..js (node:internal/modules/cjs/loader:1213:10)[39m
[31m    at Module.load (node:internal/modules/cjs/loader:1037:32)[39m
[31m    at Module._load (node:internal/modules/cjs/loader:878:12)[39m
[31m    at Module.require (node:internal/modules/cjs/loader:1061:19)[39m
[31m    at require (node:internal/modules/cjs/helpers:103:18)[39m
[31m    at Object.<anonymous> (C:\Users\fwesh\Desktop\Code\social-media-app\routes\userRoute.js:2:24)[39m
[31m    at Module._compile (node:internal/modules/cjs/loader:1159:14)[39m
2023-02-07 15:38:12:3812 [31merror[39m: [31muncaughtException: Missing catch or finally after try[39m
[31mC:\Users\fwesh\Desktop\Code\social-media-app\controllers\authController.js:194[39m
[31m  }[39m
[31m  ^[39m

[31mSyntaxError: Missing catch or finally after try[39m
[31m    at Object.compileFunction (node:vm:360:18)[39m
[31m    at wrapSafe (node:internal/modules/cjs/loader:1088:15)[39m
[31m    at Module._compile (node:internal/modules/cjs/loader:1123:27)[39m
[31m    at Module._extensions..js (node:internal/modules/cjs/loader:1213:10)[39m
[31m    at Module.load (node:internal/modules/cjs/loader:1037:32)[39m
[31m    at Module._load (node:internal/modules/cjs/loader:878:12)[39m
[31m    at Module.require (node:internal/modules/cjs/loader:1061:19)[39m
[31m    at require (node:internal/modules/cjs/helpers:103:18)[39m
[31m    at Object.<anonymous> (C:\Users\fwesh\Desktop\Code\social-media-app\routes\userRoute.js:2:24)[39m
[31m    at Module._compile (node:internal/modules/cjs/loader:1159:14)[39m
2023-02-07 15:38:14:3814 [31merror[39m: [31muncaughtException: Missing catch or finally after try[39m
[31mC:\Users\fwesh\Desktop\Code\social-media-app\controllers\authController.js:194[39m
[31m  }[39m
[31m  ^[39m

[31mSyntaxError: Missing catch or finally after try[39m
[31m    at Object.compileFunction (node:vm:360:18)[39m
[31m    at wrapSafe (node:internal/modules/cjs/loader:1088:15)[39m
[31m    at Module._compile (node:internal/modules/cjs/loader:1123:27)[39m
[31m    at Module._extensions..js (node:internal/modules/cjs/loader:1213:10)[39m
[31m    at Module.load (node:internal/modules/cjs/loader:1037:32)[39m
[31m    at Module._load (node:internal/modules/cjs/loader:878:12)[39m
[31m    at Module.require (node:internal/modules/cjs/loader:1061:19)[39m
[31m    at require (node:internal/modules/cjs/helpers:103:18)[39m
[31m    at Object.<anonymous> (C:\Users\fwesh\Desktop\Code\social-media-app\routes\userRoute.js:2:24)[39m
[31m    at Module._compile (node:internal/modules/cjs/loader:1159:14)[39m
2023-02-07 15:38:16:3816 [31merror[39m: [31muncaughtException: Missing catch or finally after try[39m
[31mC:\Users\fwesh\Desktop\Code\social-media-app\controllers\authController.js:194[39m
[31m  }[39m
[31m  ^[39m

[31mSyntaxError: Missing catch or finally after try[39m
[31m    at Object.compileFunction (node:vm:360:18)[39m
[31m    at wrapSafe (node:internal/modules/cjs/loader:1088:15)[39m
[31m    at Module._compile (node:internal/modules/cjs/loader:1123:27)[39m
[31m    at Module._extensions..js (node:internal/modules/cjs/loader:1213:10)[39m
[31m    at Module.load (node:internal/modules/cjs/loader:1037:32)[39m
[31m    at Module._load (node:internal/modules/cjs/loader:878:12)[39m
[31m    at Module.require (node:internal/modules/cjs/loader:1061:19)[39m
[31m    at require (node:internal/modules/cjs/helpers:103:18)[39m
[31m    at Object.<anonymous> (C:\Users\fwesh\Desktop\Code\social-media-app\routes\userRoute.js:2:24)[39m
[31m    at Module._compile (node:internal/modules/cjs/loader:1159:14)[39m
2023-02-07 15:38:17:3817 [31merror[39m: [31muncaughtException: Missing catch or finally after try[39m
[31mC:\Users\fwesh\Desktop\Code\social-media-app\controllers\authController.js:194[39m
[31m  }[39m
[31m  ^[39m

[31mSyntaxError: Missing catch or finally after try[39m
[31m    at Object.compileFunction (node:vm:360:18)[39m
[31m    at wrapSafe (node:internal/modules/cjs/loader:1088:15)[39m
[31m    at Module._compile (node:internal/modules/cjs/loader:1123:27)[39m
[31m    at Module._extensions..js (node:internal/modules/cjs/loader:1213:10)[39m
[31m    at Module.load (node:internal/modules/cjs/loader:1037:32)[39m
[31m    at Module._load (node:internal/modules/cjs/loader:878:12)[39m
[31m    at Module.require (node:internal/modules/cjs/loader:1061:19)[39m
[31m    at require (node:internal/modules/cjs/helpers:103:18)[39m
[31m    at Object.<anonymous> (C:\Users\fwesh\Desktop\Code\social-media-app\routes\userRoute.js:2:24)[39m
[31m    at Module._compile (node:internal/modules/cjs/loader:1159:14)[39m
2023-02-07 15:38:28:3828 [31merror[39m: [31muncaughtException: Unexpected token '}'[39m
[31mC:\Users\fwesh\Desktop\Code\social-media-app\controllers\authController.js:196[39m
[31m};[39m
[31m^[39m

[31mSyntaxError: Unexpected token '}'[39m
[31m    at Object.compileFunction (node:vm:360:18)[39m
[31m    at wrapSafe (node:internal/modules/cjs/loader:1088:15)[39m
[31m    at Module._compile (node:internal/modules/cjs/loader:1123:27)[39m
[31m    at Module._extensions..js (node:internal/modules/cjs/loader:1213:10)[39m
[31m    at Module.load (node:internal/modules/cjs/loader:1037:32)[39m
[31m    at Module._load (node:internal/modules/cjs/loader:878:12)[39m
[31m    at Module.require (node:internal/modules/cjs/loader:1061:19)[39m
[31m    at require (node:internal/modules/cjs/helpers:103:18)[39m
[31m    at Object.<anonymous> (C:\Users\fwesh\Desktop\Code\social-media-app\routes\userRoute.js:2:24)[39m
[31m    at Module._compile (node:internal/modules/cjs/loader:1159:14)[39m
2023-02-07 15:38:29:3829 [31merror[39m: [31muncaughtException: Unexpected token '}'[39m
[31mC:\Users\fwesh\Desktop\Code\social-media-app\controllers\authController.js:196[39m
[31m};[39m
[31m^[39m

[31mSyntaxError: Unexpected token '}'[39m
[31m    at Object.compileFunction (node:vm:360:18)[39m
[31m    at wrapSafe (node:internal/modules/cjs/loader:1088:15)[39m
[31m    at Module._compile (node:internal/modules/cjs/loader:1123:27)[39m
[31m    at Module._extensions..js (node:internal/modules/cjs/loader:1213:10)[39m
[31m    at Module.load (node:internal/modules/cjs/loader:1037:32)[39m
[31m    at Module._load (node:internal/modules/cjs/loader:878:12)[39m
[31m    at Module.require (node:internal/modules/cjs/loader:1061:19)[39m
[31m    at require (node:internal/modules/cjs/helpers:103:18)[39m
[31m    at Object.<anonymous> (C:\Users\fwesh\Desktop\Code\social-media-app\routes\userRoute.js:2:24)[39m
[31m    at Module._compile (node:internal/modules/cjs/loader:1159:14)[39m
2023-02-07 15:38:30:3830 [31merror[39m: [31muncaughtException: Unexpected token '}'[39m
[31mC:\Users\fwesh\Desktop\Code\social-media-app\controllers\authController.js:196[39m
[31m};[39m
[31m^[39m

[31mSyntaxError: Unexpected token '}'[39m
[31m    at Object.compileFunction (node:vm:360:18)[39m
[31m    at wrapSafe (node:internal/modules/cjs/loader:1088:15)[39m
[31m    at Module._compile (node:internal/modules/cjs/loader:1123:27)[39m
[31m    at Module._extensions..js (node:internal/modules/cjs/loader:1213:10)[39m
[31m    at Module.load (node:internal/modules/cjs/loader:1037:32)[39m
[31m    at Module._load (node:internal/modules/cjs/loader:878:12)[39m
[31m    at Module.require (node:internal/modules/cjs/loader:1061:19)[39m
[31m    at require (node:internal/modules/cjs/helpers:103:18)[39m
[31m    at Object.<anonymous> (C:\Users\fwesh\Desktop\Code\social-media-app\routes\userRoute.js:2:24)[39m
[31m    at Module._compile (node:internal/modules/cjs/loader:1159:14)[39m
2023-02-07 15:42:16:4216 [31merror[39m: [31mPassword has been resetted, but we are having a issue sending a mail, Please proceed to login[39m
2023-02-07 15:42:46:4246 [31merror[39m: [31mToken Expired Or Invalid Token, Request for a new token[39m
2023-02-07 17:07:57:757 [31merror[39m: [31m"password" with value "Kelechi123#" fails to match the required pattern: /^[a-zA-Z0-9]{3,30}$/[39m
2023-02-07 17:09:35:935 [31merror[39m: [31mUnexpected token } in JSON at position 74[39m
2023-02-11 16:13:45:1345 [31merror[39m: [31mCannot read properties of undefined (reading 'id')[39m
2023-02-11 16:14:47:1447 [31merror[39m: [31mCannot read properties of undefined (reading 'id')[39m
2023-02-11 16:16:04:164 [31merror[39m: [31mCannot read properties of undefined (reading 'id')[39m
2023-02-11 16:16:30:1630 [31merror[39m: [31mYou are not logged in, Please Login Again[39m
2023-02-11 16:16:46:1646 [31merror[39m: [31mYou are not logged in, Please Login Again[39m
2023-02-11 16:16:50:1650 [31merror[39m: [31mYou are not logged in, Please Login Again[39m
2023-02-11 16:17:02:172 [31merror[39m: [31mYou are not logged in, Please Login Again[39m
2023-02-11 16:18:01:181 [31merror[39m: [31mYou are not logged in, Please Login Again[39m
2023-02-11 16:21:12:2112 [31merror[39m: [31mYou are not logged in, Please Login Again[39m
2023-02-11 16:25:02:252 [31merror[39m: [31muserId is not defined[39m
2023-02-11 16:37:57:3757 [31merror[39m: [31muncaughtException: Unexpected token '}'[39m
[31mC:\Users\user\Documents\Projects\social-media-app\controllers\profileController.js:139[39m
[31m    })[39m
[31m    ^[39m

[31mSyntaxError: Unexpected token '}'[39m
[31m    at Object.compileFunction (node:vm:352:18)[39m
[31m    at wrapSafe (node:internal/modules/cjs/loader:1032:15)[39m
[31m    at Module._compile (node:internal/modules/cjs/loader:1067:27)[39m
[31m    at Object.Module._extensions..js (node:internal/modules/cjs/loader:1157:10)[39m
[31m    at Module.load (node:internal/modules/cjs/loader:981:32)[39m
[31m    at Function.Module._load (node:internal/modules/cjs/loader:822:12)[39m
[31m    at Module.require (node:internal/modules/cjs/loader:1005:19)[39m
[31m    at require (node:internal/modules/cjs/helpers:102:18)[39m
[31m    at Object.<anonymous> (C:\Users\user\Documents\Projects\social-media-app\routes\profileRoute.js:2:27)[39m
[31m    at Module._compile (node:internal/modules/cjs/loader:1103:14)[39m
[31m    at Object.Module._extensions..js (node:internal/modules/cjs/loader:1157:10)[39m
[31m    at Module.load (node:internal/modules/cjs/loader:981:32)[39m
[31m    at Function.Module._load (node:internal/modules/cjs/loader:822:12)[39m
[31m    at Module.require (node:internal/modules/cjs/loader:1005:19)[39m
[31m    at require (node:internal/modules/cjs/helpers:102:18)[39m
[31m    at Object.<anonymous> (C:\Users\user\Documents\Projects\social-media-app\app.js:10:22)[39m
2023-02-11 16:45:29:4529 [31merror[39m: [31mAccount Not Found, Please Login again![39m
2023-02-11 16:46:31:4631 [31merror[39m: [31mUnknown column 'commentsNo' in 'field list'[39m
2023-02-11 16:47:29:4729 [31merror[39m: [31mCannot drop table 'users' referenced by a foreign key constraint 'blockedaccounts_ibfk_1' on table 'blockedaccounts'.[39m
2023-02-11 16:53:53:5353 [31merror[39m: [31munable to connect Unknown database 'social_app'[39m
2023-02-11 16:53:53:5353 [31merror[39m: [31mUnknown database 'social_app'[39m
2023-02-11 16:56:08:568 [31merror[39m: [31mAccount Not Found, Please Login again![39m
2023-02-11 17:12:35:1235 [31merror[39m: [31m/api/v1/profile/ not found on this server[39m
2023-02-11 17:13:13:1313 [31merror[39m: [31m/api/v1/profile/ not found on this server[39m
2023-02-11 17:13:27:1327 [31merror[39m: [31m/api/v1/profile not found on this server[39m
2023-02-11 17:13:46:1346 [31merror[39m: [31mAccount Not Found, Please Login again![39m
2023-02-11 17:14:44:1444 [31merror[39m: [31mAccount Not Found, Please Login again![39m
2023-02-11 17:23:22:2322 [31merror[39m: [31mCannot delete or update a parent row: a foreign key constraint fails (`social_app`.`posts`, CONSTRAINT `posts_ibfk_1` FOREIGN KEY (`userId`) REFERENCES `users` (`id`) ON UPDATE CASCADE)[39m
2023-02-11 19:42:48:4248 [31merror[39m: [31muncaughtException: Unexpected token '}'[39m
[31mC:\Users\user\Documents\Projects\social-media-app\models\index.js:65[39m
[31m});     // link posts to their user[39m
[31m^[39m

[31mSyntaxError: Unexpected token '}'[39m
[31m    at Object.compileFunction (node:vm:352:18)[39m
[31m    at wrapSafe (node:internal/modules/cjs/loader:1032:15)[39m
[31m    at Module._compile (node:internal/modules/cjs/loader:1067:27)[39m
[31m    at Object.Module._extensions..js (node:internal/modules/cjs/loader:1157:10)[39m
[31m    at Module.load (node:internal/modules/cjs/loader:981:32)[39m
[31m    at Function.Module._load (node:internal/modules/cjs/loader:822:12)[39m
[31m    at Module.require (node:internal/modules/cjs/loader:1005:19)[39m
[31m    at require (node:internal/modules/cjs/helpers:102:18)[39m
[31m    at Object.<anonymous> (C:\Users\user\Documents\Projects\social-media-app\controllers\authController.js:5:12)[39m
[31m    at Module._compile (node:internal/modules/cjs/loader:1103:14)[39m
2023-02-11 19:44:08:448 [31merror[39m: [31mCannot delete or update a parent row: a foreign key constraint fails (`social_app`.`posts`, CONSTRAINT `posts_ibfk_1` FOREIGN KEY (`userId`) REFERENCES `users` (`id`) ON UPDATE CASCADE)[39m
2023-02-11 19:48:28:4828 [31merror[39m: [31mCannot delete or update a parent row: a foreign key constraint fails (`social_app`.`posts`, CONSTRAINT `posts_ibfk_1` FOREIGN KEY (`userId`) REFERENCES `users` (`id`))[39m
2023-02-11 20:20:04:204 [31merror[39m: [31muncaughtException: fo is not defined[39m
[31mReferenceError: fo is not defined[39m
[31m    at createAssociations (C:\Users\user\Documents\Projects\social-media-app\models\index.js:63:3)[39m
[31m    at Object.<anonymous> (C:\Users\user\Documents\Projects\social-media-app\models\index.js:101:3)[39m
[31m    at Module._compile (node:internal/modules/cjs/loader:1103:14)[39m
[31m    at Object.Module._extensions..js (node:internal/modules/cjs/loader:1157:10)[39m
[31m    at Module.load (node:internal/modules/cjs/loader:981:32)[39m
[31m    at Function.Module._load (node:internal/modules/cjs/loader:822:12)[39m
[31m    at Module.require (node:internal/modules/cjs/loader:1005:19)[39m
[31m    at require (node:internal/modules/cjs/helpers:102:18)[39m
[31m    at Object.<anonymous> (C:\Users\user\Documents\Projects\social-media-app\controllers\authController.js:5:12)[39m
[31m    at Module._compile (node:internal/modules/cjs/loader:1103:14)[39m
2023-02-11 20:20:05:205 [31merror[39m: [31muncaughtException: fore is not defined[39m
[31mReferenceError: fore is not defined[39m
[31m    at createAssociations (C:\Users\user\Documents\Projects\social-media-app\models\index.js:63:3)[39m
[31m    at Object.<anonymous> (C:\Users\user\Documents\Projects\social-media-app\models\index.js:101:3)[39m
[31m    at Module._compile (node:internal/modules/cjs/loader:1103:14)[39m
[31m    at Object.Module._extensions..js (node:internal/modules/cjs/loader:1157:10)[39m
[31m    at Module.load (node:internal/modules/cjs/loader:981:32)[39m
[31m    at Function.Module._load (node:internal/modules/cjs/loader:822:12)[39m
[31m    at Module.require (node:internal/modules/cjs/loader:1005:19)[39m
[31m    at require (node:internal/modules/cjs/helpers:102:18)[39m
[31m    at Object.<anonymous> (C:\Users\user\Documents\Projects\social-media-app\controllers\authController.js:5:12)[39m
[31m    at Module._compile (node:internal/modules/cjs/loader:1103:14)[39m
2023-02-11 20:20:18:2018 [31merror[39m: [31muncaughtException: foreign is not defined[39m
[31mReferenceError: foreign is not defined[39m
[31m    at createAssociations (C:\Users\user\Documents\Projects\social-media-app\models\index.js:63:3)[39m
[31m    at Object.<anonymous> (C:\Users\user\Documents\Projects\social-media-app\models\index.js:101:3)[39m
[31m    at Module._compile (node:internal/modules/cjs/loader:1103:14)[39m
[31m    at Object.Module._extensions..js (node:internal/modules/cjs/loader:1157:10)[39m
[31m    at Module.load (node:internal/modules/cjs/loader:981:32)[39m
[31m    at Function.Module._load (node:internal/modules/cjs/loader:822:12)[39m
[31m    at Module.require (node:internal/modules/cjs/loader:1005:19)[39m
[31m    at require (node:internal/modules/cjs/helpers:102:18)[39m
[31m    at Object.<anonymous> (C:\Users\user\Documents\Projects\social-media-app\controllers\authController.js:5:12)[39m
[31m    at Module._compile (node:internal/modules/cjs/loader:1103:14)[39m
2023-02-11 20:20:22:2022 [31merror[39m: [31muncaughtException: foreignK is not defined[39m
[31mReferenceError: foreignK is not defined[39m
[31m    at createAssociations (C:\Users\user\Documents\Projects\social-media-app\models\index.js:63:3)[39m
[31m    at Object.<anonymous> (C:\Users\user\Documents\Projects\social-media-app\models\index.js:101:3)[39m
[31m    at Module._compile (node:internal/modules/cjs/loader:1103:14)[39m
[31m    at Object.Module._extensions..js (node:internal/modules/cjs/loader:1157:10)[39m
[31m    at Module.load (node:internal/modules/cjs/loader:981:32)[39m
[31m    at Function.Module._load (node:internal/modules/cjs/loader:822:12)[39m
[31m    at Module.require (node:internal/modules/cjs/loader:1005:19)[39m
[31m    at require (node:internal/modules/cjs/helpers:102:18)[39m
[31m    at Object.<anonymous> (C:\Users\user\Documents\Projects\social-media-app\controllers\authController.js:5:12)[39m
[31m    at Module._compile (node:internal/modules/cjs/loader:1103:14)[39m
2023-02-11 20:20:25:2025 [31merror[39m: [31muncaughtException: foreignKey is not defined[39m
[31mReferenceError: foreignKey is not defined[39m
[31m    at createAssociations (C:\Users\user\Documents\Projects\social-media-app\models\index.js:63:3)[39m
[31m    at Object.<anonymous> (C:\Users\user\Documents\Projects\social-media-app\models\index.js:101:3)[39m
[31m    at Module._compile (node:internal/modules/cjs/loader:1103:14)[39m
[31m    at Object.Module._extensions..js (node:internal/modules/cjs/loader:1157:10)[39m
[31m    at Module.load (node:internal/modules/cjs/loader:981:32)[39m
[31m    at Function.Module._load (node:internal/modules/cjs/loader:822:12)[39m
[31m    at Module.require (node:internal/modules/cjs/loader:1005:19)[39m
[31m    at require (node:internal/modules/cjs/helpers:102:18)[39m
[31m    at Object.<anonymous> (C:\Users\user\Documents\Projects\social-media-app\controllers\authController.js:5:12)[39m
[31m    at Module._compile (node:internal/modules/cjs/loader:1103:14)[39m
2023-02-11 20:20:29:2029 [31merror[39m: [31muncaughtException: missing ) after argument list[39m
[31mC:\Users\user\Documents\Projects\social-media-app\models\index.js:63[39m
[31m  foreignKey: {}[39m
[31m  ^^^^^^^^^^[39m

[31mSyntaxError: missing ) after argument list[39m
[31m    at Object.compileFunction (node:vm:352:18)[39m
[31m    at wrapSafe (node:internal/modules/cjs/loader:1032:15)[39m
[31m    at Module._compile (node:internal/modules/cjs/loader:1067:27)[39m
[31m    at Object.Module._extensions..js (node:internal/modules/cjs/loader:1157:10)[39m
[31m    at Module.load (node:internal/modules/cjs/loader:981:32)[39m
[31m    at Function.Module._load (node:internal/modules/cjs/loader:822:12)[39m
[31m    at Module.require (node:internal/modules/cjs/loader:1005:19)[39m
[31m    at require (node:internal/modules/cjs/helpers:102:18)[39m
[31m    at Object.<anonymous> (C:\Users\user\Documents\Projects\social-media-app\controllers\authController.js:5:12)[39m
[31m    at Module._compile (node:internal/modules/cjs/loader:1103:14)[39m
2023-02-11 20:20:31:2031 [31merror[39m: [31muncaughtException: missing ) after argument list[39m
[31mC:\Users\user\Documents\Projects\social-media-app\models\index.js:63[39m
[31m  foreignKey: {[39m
[31m  ^^^^^^^^^^[39m

[31mSyntaxError: missing ) after argument list[39m
[31m    at Object.compileFunction (node:vm:352:18)[39m
[31m    at wrapSafe (node:internal/modules/cjs/loader:1032:15)[39m
[31m    at Module._compile (node:internal/modules/cjs/loader:1067:27)[39m
[31m    at Object.Module._extensions..js (node:internal/modules/cjs/loader:1157:10)[39m
[31m    at Module.load (node:internal/modules/cjs/loader:981:32)[39m
[31m    at Function.Module._load (node:internal/modules/cjs/loader:822:12)[39m
[31m    at Module.require (node:internal/modules/cjs/loader:1005:19)[39m
[31m    at require (node:internal/modules/cjs/helpers:102:18)[39m
[31m    at Object.<anonymous> (C:\Users\user\Documents\Projects\social-media-app\controllers\authController.js:5:12)[39m
[31m    at Module._compile (node:internal/modules/cjs/loader:1103:14)[39m
2023-02-11 20:20:38:2038 [31merror[39m: [31muncaughtException: missing ) after argument list[39m
[31mC:\Users\user\Documents\Projects\social-media-app\models\index.js:63[39m
[31m  foreignKey: {[39m
[31m  ^^^^^^^^^^[39m

[31mSyntaxError: missing ) after argument list[39m
[31m    at Object.compileFunction (node:vm:352:18)[39m
[31m    at wrapSafe (node:internal/modules/cjs/loader:1032:15)[39m
[31m    at Module._compile (node:internal/modules/cjs/loader:1067:27)[39m
[31m    at Object.Module._extensions..js (node:internal/modules/cjs/loader:1157:10)[39m
[31m    at Module.load (node:internal/modules/cjs/loader:981:32)[39m
[31m    at Function.Module._load (node:internal/modules/cjs/loader:822:12)[39m
[31m    at Module.require (node:internal/modules/cjs/loader:1005:19)[39m
[31m    at require (node:internal/modules/cjs/helpers:102:18)[39m
[31m    at Object.<anonymous> (C:\Users\user\Documents\Projects\social-media-app\controllers\authController.js:5:12)[39m
[31m    at Module._compile (node:internal/modules/cjs/loader:1103:14)[39m
2023-02-11 20:20:40:2040 [31merror[39m: [31muncaughtException: missing ) after argument list[39m
[31mC:\Users\user\Documents\Projects\social-media-app\models\index.js:63[39m
[31m  foreignKey: {[39m
[31m  ^^^^^^^^^^[39m

[31mSyntaxError: missing ) after argument list[39m
[31m    at Object.compileFunction (node:vm:352:18)[39m
[31m    at wrapSafe (node:internal/modules/cjs/loader:1032:15)[39m
[31m    at Module._compile (node:internal/modules/cjs/loader:1067:27)[39m
[31m    at Object.Module._extensions..js (node:internal/modules/cjs/loader:1157:10)[39m
[31m    at Module.load (node:internal/modules/cjs/loader:981:32)[39m
[31m    at Function.Module._load (node:internal/modules/cjs/loader:822:12)[39m
[31m    at Module.require (node:internal/modules/cjs/loader:1005:19)[39m
[31m    at require (node:internal/modules/cjs/helpers:102:18)[39m
[31m    at Object.<anonymous> (C:\Users\user\Documents\Projects\social-media-app\controllers\authController.js:5:12)[39m
[31m    at Module._compile (node:internal/modules/cjs/loader:1103:14)[39m
2023-02-11 20:20:44:2044 [31merror[39m: [31muncaughtException: foreignKey is not defined[39m
[31mReferenceError: foreignKey is not defined[39m
[31m    at createAssociations (C:\Users\user\Documents\Projects\social-media-app\models\index.js:63:3)[39m
[31m    at Object.<anonymous> (C:\Users\user\Documents\Projects\social-media-app\models\index.js:100:3)[39m
[31m    at Module._compile (node:internal/modules/cjs/loader:1103:14)[39m
[31m    at Object.Module._extensions..js (node:internal/modules/cjs/loader:1157:10)[39m
[31m    at Module.load (node:internal/modules/cjs/loader:981:32)[39m
[31m    at Function.Module._load (node:internal/modules/cjs/loader:822:12)[39m
[31m    at Module.require (node:internal/modules/cjs/loader:1005:19)[39m
[31m    at require (node:internal/modules/cjs/helpers:102:18)[39m
[31m    at Object.<anonymous> (C:\Users\user\Documents\Projects\social-media-app\controllers\authController.js:5:12)[39m
[31m    at Module._compile (node:internal/modules/cjs/loader:1103:14)[39m
2023-02-11 20:20:50:2050 [31merror[39m: [31muncaughtException: missing ) after argument list[39m
[31mC:\Users\user\Documents\Projects\social-media-app\models\index.js:63[39m
[31m  foreignKey: [39m
[31m  ^^^^^^^^^^[39m

[31mSyntaxError: missing ) after argument list[39m
[31m    at Object.compileFunction (node:vm:352:18)[39m
[31m    at wrapSafe (node:internal/modules/cjs/loader:1032:15)[39m
[31m    at Module._compile (node:internal/modules/cjs/loader:1067:27)[39m
[31m    at Object.Module._extensions..js (node:internal/modules/cjs/loader:1157:10)[39m
[31m    at Module.load (node:internal/modules/cjs/loader:981:32)[39m
[31m    at Function.Module._load (node:internal/modules/cjs/loader:822:12)[39m
[31m    at Module.require (node:internal/modules/cjs/loader:1005:19)[39m
[31m    at require (node:internal/modules/cjs/helpers:102:18)[39m
[31m    at Object.<anonymous> (C:\Users\user\Documents\Projects\social-media-app\controllers\authController.js:5:12)[39m
[31m    at Module._compile (node:internal/modules/cjs/loader:1103:14)[39m
2023-02-11 20:20:52:2052 [31merror[39m: [31muncaughtException: missing ) after argument list[39m
[31mC:\Users\user\Documents\Projects\social-media-app\models\index.js:63[39m
[31m  foreignKey: ()[39m
[31m  ^^^^^^^^^^[39m

[31mSyntaxError: missing ) after argument list[39m
[31m    at Object.compileFunction (node:vm:352:18)[39m
[31m    at wrapSafe (node:internal/modules/cjs/loader:1032:15)[39m
[31m    at Module._compile (node:internal/modules/cjs/loader:1067:27)[39m
[31m    at Object.Module._extensions..js (node:internal/modules/cjs/loader:1157:10)[39m
[31m    at Module.load (node:internal/modules/cjs/loader:981:32)[39m
[31m    at Function.Module._load (node:internal/modules/cjs/loader:822:12)[39m
[31m    at Module.require (node:internal/modules/cjs/loader:1005:19)[39m
[31m    at require (node:internal/modules/cjs/helpers:102:18)[39m
[31m    at Object.<anonymous> (C:\Users\user\Documents\Projects\social-media-app\controllers\authController.js:5:12)[39m
[31m    at Module._compile (node:internal/modules/cjs/loader:1103:14)[39m
2023-02-11 20:21:31:2131 [31merror[39m: [31muncaughtException: missing ) after argument list[39m
[31mC:\Users\user\Documents\Projects\social-media-app\models\index.js:63[39m
[31m  foreignKey: ({})[39m
[31m  ^^^^^^^^^^[39m

[31mSyntaxError: missing ) after argument list[39m
[31m    at Object.compileFunction (node:vm:352:18)[39m
[31m    at wrapSafe (node:internal/modules/cjs/loader:1032:15)[39m
[31m    at Module._compile (node:internal/modules/cjs/loader:1067:27)[39m
[31m    at Object.Module._extensions..js (node:internal/modules/cjs/loader:1157:10)[39m
[31m    at Module.load (node:internal/modules/cjs/loader:981:32)[39m
[31m    at Function.Module._load (node:internal/modules/cjs/loader:822:12)[39m
[31m    at Module.require (node:internal/modules/cjs/loader:1005:19)[39m
[31m    at require (node:internal/modules/cjs/helpers:102:18)[39m
[31m    at Object.<anonymous> (C:\Users\user\Documents\Projects\social-media-app\controllers\authController.js:5:12)[39m
[31m    at Module._compile (node:internal/modules/cjs/loader:1103:14)[39m
2023-02-11 20:21:32:2132 [31merror[39m: [31muncaughtException: missing ) after argument list[39m
[31mC:\Users\user\Documents\Projects\social-media-app\models\index.js:63[39m
[31m  foreignKey: ({[39m
[31m  ^^^^^^^^^^[39m

[31mSyntaxError: missing ) after argument list[39m
[31m    at Object.compileFunction (node:vm:352:18)[39m
[31m    at wrapSafe (node:internal/modules/cjs/loader:1032:15)[39m
[31m    at Module._compile (node:internal/modules/cjs/loader:1067:27)[39m
[31m    at Object.Module._extensions..js (node:internal/modules/cjs/loader:1157:10)[39m
[31m    at Module.load (node:internal/modules/cjs/loader:981:32)[39m
[31m    at Function.Module._load (node:internal/modules/cjs/loader:822:12)[39m
[31m    at Module.require (node:internal/modules/cjs/loader:1005:19)[39m
[31m    at require (node:internal/modules/cjs/helpers:102:18)[39m
[31m    at Object.<anonymous> (C:\Users\user\Documents\Projects\social-media-app\controllers\authController.js:5:12)[39m
[31m    at Module._compile (node:internal/modules/cjs/loader:1103:14)[39m
2023-02-11 20:21:37:2137 [31merror[39m: [31muncaughtException: foreignKey is not defined[39m
[31mReferenceError: foreignKey is not defined[39m
[31m    at createAssociations (C:\Users\user\Documents\Projects\social-media-app\models\index.js:63:3)[39m
[31m    at Object.<anonymous> (C:\Users\user\Documents\Projects\social-media-app\models\index.js:100:3)[39m
[31m    at Module._compile (node:internal/modules/cjs/loader:1103:14)[39m
[31m    at Object.Module._extensions..js (node:internal/modules/cjs/loader:1157:10)[39m
[31m    at Module.load (node:internal/modules/cjs/loader:981:32)[39m
[31m    at Function.Module._load (node:internal/modules/cjs/loader:822:12)[39m
[31m    at Module.require (node:internal/modules/cjs/loader:1005:19)[39m
[31m    at require (node:internal/modules/cjs/helpers:102:18)[39m
[31m    at Object.<anonymous> (C:\Users\user\Documents\Projects\social-media-app\controllers\authController.js:5:12)[39m
[31m    at Module._compile (node:internal/modules/cjs/loader:1103:14)[39m
2023-02-11 20:22:41:2241 [31merror[39m: [31muncaughtException: f is not defined[39m
[31mReferenceError: f is not defined[39m
[31m    at createAssociations (C:\Users\user\Documents\Projects\social-media-app\models\index.js:63:3)[39m
[31m    at Object.<anonymous> (C:\Users\user\Documents\Projects\social-media-app\models\index.js:100:3)[39m
[31m    at Module._compile (node:internal/modules/cjs/loader:1103:14)[39m
[31m    at Object.Module._extensions..js (node:internal/modules/cjs/loader:1157:10)[39m
[31m    at Module.load (node:internal/modules/cjs/loader:981:32)[39m
[31m    at Function.Module._load (node:internal/modules/cjs/loader:822:12)[39m
[31m    at Module.require (node:internal/modules/cjs/loader:1005:19)[39m
[31m    at require (node:internal/modules/cjs/helpers:102:18)[39m
[31m    at Object.<anonymous> (C:\Users\user\Documents\Projects\social-media-app\controllers\authController.js:5:12)[39m
[31m    at Module._compile (node:internal/modules/cjs/loader:1103:14)[39m
2023-02-11 20:22:43:2243 [31merror[39m: [31muncaughtException: fo is not defined[39m
[31mReferenceError: fo is not defined[39m
[31m    at createAssociations (C:\Users\user\Documents\Projects\social-media-app\models\index.js:63:3)[39m
[31m    at Object.<anonymous> (C:\Users\user\Documents\Projects\social-media-app\models\index.js:100:3)[39m
[31m    at Module._compile (node:internal/modules/cjs/loader:1103:14)[39m
[31m    at Object.Module._extensions..js (node:internal/modules/cjs/loader:1157:10)[39m
[31m    at Module.load (node:internal/modules/cjs/loader:981:32)[39m
[31m    at Function.Module._load (node:internal/modules/cjs/loader:822:12)[39m
[31m    at Module.require (node:internal/modules/cjs/loader:1005:19)[39m
[31m    at require (node:internal/modules/cjs/helpers:102:18)[39m
[31m    at Object.<anonymous> (C:\Users\user\Documents\Projects\social-media-app\controllers\authController.js:5:12)[39m
[31m    at Module._compile (node:internal/modules/cjs/loader:1103:14)[39m
2023-02-11 20:22:45:2245 [31merror[39m: [31muncaughtException: fore is not defined[39m
[31mReferenceError: fore is not defined[39m
[31m    at createAssociations (C:\Users\user\Documents\Projects\social-media-app\models\index.js:63:3)[39m
[31m    at Object.<anonymous> (C:\Users\user\Documents\Projects\social-media-app\models\index.js:100:3)[39m
[31m    at Module._compile (node:internal/modules/cjs/loader:1103:14)[39m
[31m    at Object.Module._extensions..js (node:internal/modules/cjs/loader:1157:10)[39m
[31m    at Module.load (node:internal/modules/cjs/loader:981:32)[39m
[31m    at Function.Module._load (node:internal/modules/cjs/loader:822:12)[39m
[31m    at Module.require (node:internal/modules/cjs/loader:1005:19)[39m
[31m    at require (node:internal/modules/cjs/helpers:102:18)[39m
[31m    at Object.<anonymous> (C:\Users\user\Documents\Projects\social-media-app\controllers\authController.js:5:12)[39m
[31m    at Module._compile (node:internal/modules/cjs/loader:1103:14)[39m
2023-02-11 20:22:58:2258 [31merror[39m: [31muncaughtException: Package subpath './types/query-types' is not defined by "exports" in C:\Users\user\Documents\Projects\social-media-app\node_modules\sequelize\package.json[39m
[31mError [ERR_PACKAGE_PATH_NOT_EXPORTED]: Package subpath './types/query-types' is not defined by "exports" in C:\Users\user\Documents\Projects\social-media-app\node_modules\sequelize\package.json[39m
[31m    at new NodeError (node:internal/errors:371:5)[39m
[31m    at throwExportsNotFound (node:internal/modules/esm/resolve:453:9)[39m
[31m    at packageExportsResolve (node:internal/modules/esm/resolve:721:7)[39m
[31m    at resolveExports (node:internal/modules/cjs/loader:482:36)[39m
[31m    at Function.Module._findPath (node:internal/modules/cjs/loader:522:31)[39m
[31m    at Function.Module._resolveFilename (node:internal/modules/cjs/loader:919:27)[39m
[31m    at Function.Module._load (node:internal/modules/cjs/loader:778:27)[39m
[31m    at Module.require (node:internal/modules/cjs/loader:1005:19)[39m
[31m    at require (node:internal/modules/cjs/helpers:102:18)[39m
[31m    at Object.<anonymous> (C:\Users\user\Documents\Projects\social-media-app\models\index.js:20:25)[39m
2023-02-11 20:23:02:232 [31merror[39m: [31muncaughtException: missing ) after argument list[39m
[31mC:\Users\user\Documents\Projects\social-media-app\models\index.js:64[39m
[31m  FOREIGNKEYS: [39m
[31m  ^^^^^^^^^^^[39m

[31mSyntaxError: missing ) after argument list[39m
[31m    at Object.compileFunction (node:vm:352:18)[39m
[31m    at wrapSafe (node:internal/modules/cjs/loader:1032:15)[39m
[31m    at Module._compile (node:internal/modules/cjs/loader:1067:27)[39m
[31m    at Object.Module._extensions..js (node:internal/modules/cjs/loader:1157:10)[39m
[31m    at Module.load (node:internal/modules/cjs/loader:981:32)[39m
[31m    at Function.Module._load (node:internal/modules/cjs/loader:822:12)[39m
[31m    at Module.require (node:internal/modules/cjs/loader:1005:19)[39m
[31m    at require (node:internal/modules/cjs/helpers:102:18)[39m
[31m    at Object.<anonymous> (C:\Users\user\Documents\Projects\social-media-app\controllers\authController.js:5:12)[39m
[31m    at Module._compile (node:internal/modules/cjs/loader:1103:14)[39m
2023-02-11 20:23:04:234 [31merror[39m: [31muncaughtException: missing ) after argument list[39m
[31mC:\Users\user\Documents\Projects\social-media-app\models\index.js:64[39m
[31m  FOREIGNKEYS: {}[39m
[31m  ^^^^^^^^^^^[39m

[31mSyntaxError: missing ) after argument list[39m
[31m    at Object.compileFunction (node:vm:352:18)[39m
[31m    at wrapSafe (node:internal/modules/cjs/loader:1032:15)[39m
[31m    at Module._compile (node:internal/modules/cjs/loader:1067:27)[39m
[31m    at Object.Module._extensions..js (node:internal/modules/cjs/loader:1157:10)[39m
[31m    at Module.load (node:internal/modules/cjs/loader:981:32)[39m
[31m    at Function.Module._load (node:internal/modules/cjs/loader:822:12)[39m
[31m    at Module.require (node:internal/modules/cjs/loader:1005:19)[39m
[31m    at require (node:internal/modules/cjs/helpers:102:18)[39m
[31m    at Object.<anonymous> (C:\Users\user\Documents\Projects\social-media-app\controllers\authController.js:5:12)[39m
[31m    at Module._compile (node:internal/modules/cjs/loader:1103:14)[39m
2023-02-11 20:23:09:239 [31merror[39m: [31muncaughtException: fore is not defined[39m
[31mReferenceError: fore is not defined[39m
[31m    at createAssociations (C:\Users\user\Documents\Projects\social-media-app\models\index.js:63:3)[39m
[31m    at Object.<anonymous> (C:\Users\user\Documents\Projects\social-media-app\models\index.js:100:3)[39m
[31m    at Module._compile (node:internal/modules/cjs/loader:1103:14)[39m
[31m    at Object.Module._extensions..js (node:internal/modules/cjs/loader:1157:10)[39m
[31m    at Module.load (node:internal/modules/cjs/loader:981:32)[39m
[31m    at Function.Module._load (node:internal/modules/cjs/loader:822:12)[39m
[31m    at Module.require (node:internal/modules/cjs/loader:1005:19)[39m
[31m    at require (node:internal/modules/cjs/helpers:102:18)[39m
[31m    at Object.<anonymous> (C:\Users\user\Documents\Projects\social-media-app\controllers\authController.js:5:12)[39m
[31m    at Module._compile (node:internal/modules/cjs/loader:1103:14)[39m
2023-02-11 20:23:34:2334 [31merror[39m: [31muncaughtException: Unexpected identifier[39m
[31mC:\Users\user\Documents\Projects\social-media-app\models\postModel.js:6[39m
[31m      body: {[39m
[31m      ^^^^[39m

[31mSyntaxError: Unexpected identifier[39m
[31m    at Object.compileFunction (node:vm:352:18)[39m
[31m    at wrapSafe (node:internal/modules/cjs/loader:1032:15)[39m
[31m    at Module._compile (node:internal/modules/cjs/loader:1067:27)[39m
[31m    at Object.Module._extensions..js (node:internal/modules/cjs/loader:1157:10)[39m
[31m    at Module.load (node:internal/modules/cjs/loader:981:32)[39m
[31m    at Function.Module._load (node:internal/modules/cjs/loader:822:12)[39m
[31m    at Module.require (node:internal/modules/cjs/loader:1005:19)[39m
[31m    at require (node:internal/modules/cjs/helpers:102:18)[39m
[31m    at Object.<anonymous> (C:\Users\user\Documents\Projects\social-media-app\models\index.js:14:19)[39m
[31m    at Module._compile (node:internal/modules/cjs/loader:1103:14)[39m
2023-02-11 20:23:35:2335 [31merror[39m: [31muncaughtException: Unexpected identifier[39m
[31mC:\Users\user\Documents\Projects\social-media-app\models\postModel.js:6[39m
[31m      body: {[39m
[31m      ^^^^[39m

[31mSyntaxError: Unexpected identifier[39m
[31m    at Object.compileFunction (node:vm:352:18)[39m
[31m    at wrapSafe (node:internal/modules/cjs/loader:1032:15)[39m
[31m    at Module._compile (node:internal/modules/cjs/loader:1067:27)[39m
[31m    at Object.Module._extensions..js (node:internal/modules/cjs/loader:1157:10)[39m
[31m    at Module.load (node:internal/modules/cjs/loader:981:32)[39m
[31m    at Function.Module._load (node:internal/modules/cjs/loader:822:12)[39m
[31m    at Module.require (node:internal/modules/cjs/loader:1005:19)[39m
[31m    at require (node:internal/modules/cjs/helpers:102:18)[39m
[31m    at Object.<anonymous> (C:\Users\user\Documents\Projects\social-media-app\models\index.js:14:19)[39m
[31m    at Module._compile (node:internal/modules/cjs/loader:1103:14)[39m
2023-02-11 20:23:39:2339 [31merror[39m: [31muncaughtException: Unexpected token ':'[39m
[31mC:\Users\user\Documents\Projects\social-media-app\models\postModel.js:6[39m
[31m      body: {[39m
[31m          ^[39m

[31mSyntaxError: Unexpected token ':'[39m
[31m    at Object.compileFunction (node:vm:352:18)[39m
[31m    at wrapSafe (node:internal/modules/cjs/loader:1032:15)[39m
[31m    at Module._compile (node:internal/modules/cjs/loader:1067:27)[39m
[31m    at Object.Module._extensions..js (node:internal/modules/cjs/loader:1157:10)[39m
[31m    at Module.load (node:internal/modules/cjs/loader:981:32)[39m
[31m    at Function.Module._load (node:internal/modules/cjs/loader:822:12)[39m
[31m    at Module.require (node:internal/modules/cjs/loader:1005:19)[39m
[31m    at require (node:internal/modules/cjs/helpers:102:18)[39m
[31m    at Object.<anonymous> (C:\Users\user\Documents\Projects\social-media-app\models\index.js:14:19)[39m
[31m    at Module._compile (node:internal/modules/cjs/loader:1103:14)[39m
2023-02-11 20:23:44:2344 [31merror[39m: [31muncaughtException: Unexpected token ','[39m
[31mC:\Users\user\Documents\Projects\social-media-app\models\postModel.js:5[39m
[31m      userId: ,[39m
[31m              ^[39m

[31mSyntaxError: Unexpected token ','[39m
[31m    at Object.compileFunction (node:vm:352:18)[39m
[31m    at wrapSafe (node:internal/modules/cjs/loader:1032:15)[39m
[31m    at Module._compile (node:internal/modules/cjs/loader:1067:27)[39m
[31m    at Object.Module._extensions..js (node:internal/modules/cjs/loader:1157:10)[39m
[31m    at Module.load (node:internal/modules/cjs/loader:981:32)[39m
[31m    at Function.Module._load (node:internal/modules/cjs/loader:822:12)[39m
[31m    at Module.require (node:internal/modules/cjs/loader:1005:19)[39m
[31m    at require (node:internal/modules/cjs/helpers:102:18)[39m
[31m    at Object.<anonymous> (C:\Users\user\Documents\Projects\social-media-app\models\index.js:14:19)[39m
[31m    at Module._compile (node:internal/modules/cjs/loader:1103:14)[39m
2023-02-11 20:23:47:2347 [31merror[39m: [31muncaughtException: Unrecognized datatype for attribute "post.userId"[39m
[31mError: Unrecognized datatype for attribute "post.userId"[39m
[31m    at C:\Users\user\Documents\Projects\social-media-app\node_modules\sequelize\lib\model.js:726:15[39m
[31m    at C:\Users\user\Documents\Projects\social-media-app\node_modules\lodash\lodash.js:13469:38[39m
[31m    at C:\Users\user\Documents\Projects\social-media-app\node_modules\lodash\lodash.js:4967:15[39m
[31m    at baseForOwn (C:\Users\user\Documents\Projects\social-media-app\node_modules\lodash\lodash.js:3032:24)[39m
[31m    at Function.mapValues (C:\Users\user\Documents\Projects\social-media-app\node_modules\lodash\lodash.js:13468:7)[39m
[31m    at Function.init (C:\Users\user\Documents\Projects\social-media-app\node_modules\sequelize\lib\model.js:723:28)[39m
[31m    at Sequelize.define (C:\Users\user\Documents\Projects\social-media-app\node_modules\sequelize\lib\sequelize.js:224:11)[39m
[31m    at module.exports (C:\Users\user\Documents\Projects\social-media-app\models\postModel.js:2:26)[39m
[31m    at Object.<anonymous> (C:\Users\user\Documents\Projects\social-media-app\models\index.js:46:11)[39m
[31m    at Module._compile (node:internal/modules/cjs/loader:1103:14)[39m
2023-02-11 20:23:50:2350 [31merror[39m: [31muncaughtException: Unrecognized datatype for attribute "post.userId"[39m
[31mError: Unrecognized datatype for attribute "post.userId"[39m
[31m    at C:\Users\user\Documents\Projects\social-media-app\node_modules\sequelize\lib\model.js:726:15[39m
[31m    at C:\Users\user\Documents\Projects\social-media-app\node_modules\lodash\lodash.js:13469:38[39m
[31m    at C:\Users\user\Documents\Projects\social-media-app\node_modules\lodash\lodash.js:4967:15[39m
[31m    at baseForOwn (C:\Users\user\Documents\Projects\social-media-app\node_modules\lodash\lodash.js:3032:24)[39m
[31m    at Function.mapValues (C:\Users\user\Documents\Projects\social-media-app\node_modules\lodash\lodash.js:13468:7)[39m
[31m    at Function.init (C:\Users\user\Documents\Projects\social-media-app\node_modules\sequelize\lib\model.js:723:28)[39m
[31m    at Sequelize.define (C:\Users\user\Documents\Projects\social-media-app\node_modules\sequelize\lib\sequelize.js:224:11)[39m
[31m    at module.exports (C:\Users\user\Documents\Projects\social-media-app\models\postModel.js:2:26)[39m
[31m    at Object.<anonymous> (C:\Users\user\Documents\Projects\social-media-app\models\index.js:46:11)[39m
[31m    at Module._compile (node:internal/modules/cjs/loader:1103:14)[39m
2023-02-11 20:24:15:2415 [31merror[39m: [31muncaughtException: Unexpected token '{'[39m
[31mC:\Users\user\Documents\Projects\social-media-app\models\postModel.js:43[39m
[31m    {[39m
[31m    ^[39m

[31mSyntaxError: Unexpected token '{'[39m
[31m    at Object.compileFunction (node:vm:352:18)[39m
[31m    at wrapSafe (node:internal/modules/cjs/loader:1032:15)[39m
[31m    at Module._compile (node:internal/modules/cjs/loader:1067:27)[39m
[31m    at Object.Module._extensions..js (node:internal/modules/cjs/loader:1157:10)[39m
[31m    at Module.load (node:internal/modules/cjs/loader:981:32)[39m
[31m    at Function.Module._load (node:internal/modules/cjs/loader:822:12)[39m
[31m    at Module.require (node:internal/modules/cjs/loader:1005:19)[39m
[31m    at require (node:internal/modules/cjs/helpers:102:18)[39m
[31m    at Object.<anonymous> (C:\Users\user\Documents\Projects\social-media-app\models\index.js:14:19)[39m
[31m    at Module._compile (node:internal/modules/cjs/loader:1103:14)[39m
2023-02-11 20:24:17:2417 [31merror[39m: [31muncaughtException: Unexpected token '{'[39m
[31mC:\Users\user\Documents\Projects\social-media-app\models\postModel.js:43[39m
[31m    {[39m
[31m    ^[39m

[31mSyntaxError: Unexpected token '{'[39m
[31m    at Object.compileFunction (node:vm:352:18)[39m
[31m    at wrapSafe (node:internal/modules/cjs/loader:1032:15)[39m
[31m    at Module._compile (node:internal/modules/cjs/loader:1067:27)[39m
[31m    at Object.Module._extensions..js (node:internal/modules/cjs/loader:1157:10)[39m
[31m    at Module.load (node:internal/modules/cjs/loader:981:32)[39m
[31m    at Function.Module._load (node:internal/modules/cjs/loader:822:12)[39m
[31m    at Module.require (node:internal/modules/cjs/loader:1005:19)[39m
[31m    at require (node:internal/modules/cjs/helpers:102:18)[39m
[31m    at Object.<anonymous> (C:\Users\user\Documents\Projects\social-media-app\models\index.js:14:19)[39m
[31m    at Module._compile (node:internal/modules/cjs/loader:1103:14)[39m
2023-02-11 20:24:38:2438 [31merror[39m: [31muncaughtException: Sequelize is not defined[39m
[31mReferenceError: Sequelize is not defined[39m
[31m    at module.exports (C:\Users\user\Documents\Projects\social-media-app\models\postModel.js:6:15)[39m
[31m    at Object.<anonymous> (C:\Users\user\Documents\Projects\social-media-app\models\index.js:46:11)[39m
[31m    at Module._compile (node:internal/modules/cjs/loader:1103:14)[39m
[31m    at Object.Module._extensions..js (node:internal/modules/cjs/loader:1157:10)[39m
[31m    at Module.load (node:internal/modules/cjs/loader:981:32)[39m
[31m    at Function.Module._load (node:internal/modules/cjs/loader:822:12)[39m
[31m    at Module.require (node:internal/modules/cjs/loader:1005:19)[39m
[31m    at require (node:internal/modules/cjs/helpers:102:18)[39m
[31m    at Object.<anonymous> (C:\Users\user\Documents\Projects\social-media-app\controllers\authController.js:5:12)[39m
[31m    at Module._compile (node:internal/modules/cjs/loader:1103:14)[39m
2023-02-11 20:24:41:2441 [31merror[39m: [31muncaughtException: Sequelize is not defined[39m
[31mReferenceError: Sequelize is not defined[39m
[31m    at module.exports (C:\Users\user\Documents\Projects\social-media-app\models\postModel.js:6:15)[39m
[31m    at Object.<anonymous> (C:\Users\user\Documents\Projects\social-media-app\models\index.js:46:11)[39m
[31m    at Module._compile (node:internal/modules/cjs/loader:1103:14)[39m
[31m    at Object.Module._extensions..js (node:internal/modules/cjs/loader:1157:10)[39m
[31m    at Module.load (node:internal/modules/cjs/loader:981:32)[39m
[31m    at Function.Module._load (node:internal/modules/cjs/loader:822:12)[39m
[31m    at Module.require (node:internal/modules/cjs/loader:1005:19)[39m
[31m    at require (node:internal/modules/cjs/helpers:102:18)[39m
[31m    at Object.<anonymous> (C:\Users\user\Documents\Projects\social-media-app\controllers\authController.js:5:12)[39m
[31m    at Module._compile (node:internal/modules/cjs/loader:1103:14)[39m
2023-02-11 20:24:54:2454 [31merror[39m: [31muncaughtException: Sequelize is not defined[39m
[31mReferenceError: Sequelize is not defined[39m
[31m    at module.exports (C:\Users\user\Documents\Projects\social-media-app\models\postModel.js:6:15)[39m
[31m    at Object.<anonymous> (C:\Users\user\Documents\Projects\social-media-app\models\index.js:46:11)[39m
[31m    at Module._compile (node:internal/modules/cjs/loader:1103:14)[39m
[31m    at Object.Module._extensions..js (node:internal/modules/cjs/loader:1157:10)[39m
[31m    at Module.load (node:internal/modules/cjs/loader:981:32)[39m
[31m    at Function.Module._load (node:internal/modules/cjs/loader:822:12)[39m
[31m    at Module.require (node:internal/modules/cjs/loader:1005:19)[39m
[31m    at require (node:internal/modules/cjs/helpers:102:18)[39m
[31m    at Object.<anonymous> (C:\Users\user\Documents\Projects\social-media-app\controllers\authController.js:5:12)[39m
[31m    at Module._compile (node:internal/modules/cjs/loader:1103:14)[39m
2023-02-11 20:24:58:2458 [31merror[39m: [31muncaughtException: Unexpected token '{'[39m
[31mC:\Users\user\Documents\Projects\social-media-app\models\postModel.js:11[39m
[31m        {[39m
[31m        ^[39m

[31mSyntaxError: Unexpected token '{'[39m
[31m    at Object.compileFunction (node:vm:352:18)[39m
[31m    at wrapSafe (node:internal/modules/cjs/loader:1032:15)[39m
[31m    at Module._compile (node:internal/modules/cjs/loader:1067:27)[39m
[31m    at Object.Module._extensions..js (node:internal/modules/cjs/loader:1157:10)[39m
[31m    at Module.load (node:internal/modules/cjs/loader:981:32)[39m
[31m    at Function.Module._load (node:internal/modules/cjs/loader:822:12)[39m
[31m    at Module.require (node:internal/modules/cjs/loader:1005:19)[39m
[31m    at require (node:internal/modules/cjs/helpers:102:18)[39m
[31m    at Object.<anonymous> (C:\Users\user\Documents\Projects\social-media-app\models\index.js:14:19)[39m
[31m    at Module._compile (node:internal/modules/cjs/loader:1103:14)[39m
2023-02-11 20:25:08:258 [31merror[39m: [31muncaughtException: Unexpected token '{'[39m
[31mC:\Users\user\Documents\Projects\social-media-app\models\postModel.js:11[39m
[31m        {[39m
[31m        ^[39m

[31mSyntaxError: Unexpected token '{'[39m
[31m    at Object.compileFunction (node:vm:352:18)[39m
[31m    at wrapSafe (node:internal/modules/cjs/loader:1032:15)[39m
[31m    at Module._compile (node:internal/modules/cjs/loader:1067:27)[39m
[31m    at Object.Module._extensions..js (node:internal/modules/cjs/loader:1157:10)[39m
[31m    at Module.load (node:internal/modules/cjs/loader:981:32)[39m
[31m    at Function.Module._load (node:internal/modules/cjs/loader:822:12)[39m
[31m    at Module.require (node:internal/modules/cjs/loader:1005:19)[39m
[31m    at require (node:internal/modules/cjs/helpers:102:18)[39m
[31m    at Object.<anonymous> (C:\Users\user\Documents\Projects\social-media-app\models\index.js:14:19)[39m
[31m    at Module._compile (node:internal/modules/cjs/loader:1103:14)[39m
2023-02-11 20:25:12:2512 [31merror[39m: [31muncaughtException: Sequelize is not defined[39m
[31mReferenceError: Sequelize is not defined[39m
[31m    at module.exports (C:\Users\user\Documents\Projects\social-media-app\models\postModel.js:6:15)[39m
[31m    at Object.<anonymous> (C:\Users\user\Documents\Projects\social-media-app\models\index.js:46:11)[39m
[31m    at Module._compile (node:internal/modules/cjs/loader:1103:14)[39m
[31m    at Object.Module._extensions..js (node:internal/modules/cjs/loader:1157:10)[39m
[31m    at Module.load (node:internal/modules/cjs/loader:981:32)[39m
[31m    at Function.Module._load (node:internal/modules/cjs/loader:822:12)[39m
[31m    at Module.require (node:internal/modules/cjs/loader:1005:19)[39m
[31m    at require (node:internal/modules/cjs/helpers:102:18)[39m
[31m    at Object.<anonymous> (C:\Users\user\Documents\Projects\social-media-app\controllers\authController.js:5:12)[39m
[31m    at Module._compile (node:internal/modules/cjs/loader:1103:14)[39m
2023-02-11 20:25:14:2514 [31merror[39m: [31muncaughtException: Sequelize is not defined[39m
[31mReferenceError: Sequelize is not defined[39m
[31m    at module.exports (C:\Users\user\Documents\Projects\social-media-app\models\postModel.js:6:15)[39m
[31m    at Object.<anonymous> (C:\Users\user\Documents\Projects\social-media-app\models\index.js:46:11)[39m
[31m    at Module._compile (node:internal/modules/cjs/loader:1103:14)[39m
[31m    at Object.Module._extensions..js (node:internal/modules/cjs/loader:1157:10)[39m
[31m    at Module.load (node:internal/modules/cjs/loader:981:32)[39m
[31m    at Function.Module._load (node:internal/modules/cjs/loader:822:12)[39m
[31m    at Module.require (node:internal/modules/cjs/loader:1005:19)[39m
[31m    at require (node:internal/modules/cjs/helpers:102:18)[39m
[31m    at Object.<anonymous> (C:\Users\user\Documents\Projects\social-media-app\controllers\authController.js:5:12)[39m
[31m    at Module._compile (node:internal/modules/cjs/loader:1103:14)[39m
2023-02-11 20:25:29:2529 [31merror[39m: [31muncaughtException: Sequelize is not defined[39m
[31mReferenceError: Sequelize is not defined[39m
[31m    at module.exports (C:\Users\user\Documents\Projects\social-media-app\models\postModel.js:6:15)[39m
[31m    at Object.<anonymous> (C:\Users\user\Documents\Projects\social-media-app\models\index.js:46:11)[39m
[31m    at Module._compile (node:internal/modules/cjs/loader:1103:14)[39m
[31m    at Object.Module._extensions..js (node:internal/modules/cjs/loader:1157:10)[39m
[31m    at Module.load (node:internal/modules/cjs/loader:981:32)[39m
[31m    at Function.Module._load (node:internal/modules/cjs/loader:822:12)[39m
[31m    at Module.require (node:internal/modules/cjs/loader:1005:19)[39m
[31m    at require (node:internal/modules/cjs/helpers:102:18)[39m
[31m    at Object.<anonymous> (C:\Users\user\Documents\Projects\social-media-app\controllers\authController.js:5:12)[39m
[31m    at Module._compile (node:internal/modules/cjs/loader:1103:14)[39m
2023-02-11 20:26:07:267 [31merror[39m: [31muncaughtException: Sequelize is not defined[39m
[31mReferenceError: Sequelize is not defined[39m
[31m    at module.exports (C:\Users\user\Documents\Projects\social-media-app\models\postModel.js:7:15)[39m
[31m    at Object.<anonymous> (C:\Users\user\Documents\Projects\social-media-app\models\index.js:46:11)[39m
[31m    at Module._compile (node:internal/modules/cjs/loader:1103:14)[39m
[31m    at Object.Module._extensions..js (node:internal/modules/cjs/loader:1157:10)[39m
[31m    at Module.load (node:internal/modules/cjs/loader:981:32)[39m
[31m    at Function.Module._load (node:internal/modules/cjs/loader:822:12)[39m
[31m    at Module.require (node:internal/modules/cjs/loader:1005:19)[39m
[31m    at require (node:internal/modules/cjs/helpers:102:18)[39m
[31m    at Object.<anonymous> (C:\Users\user\Documents\Projects\social-media-app\controllers\authController.js:5:12)[39m
[31m    at Module._compile (node:internal/modules/cjs/loader:1103:14)[39m
2023-02-11 20:26:22:2622 [31merror[39m: [31muncaughtException: Sequelize is not defined[39m
[31mReferenceError: Sequelize is not defined[39m
[31m    at module.exports (C:\Users\user\Documents\Projects\social-media-app\models\postModel.js:8:15)[39m
[31m    at Object.<anonymous> (C:\Users\user\Documents\Projects\social-media-app\models\index.js:46:11)[39m
[31m    at Module._compile (node:internal/modules/cjs/loader:1103:14)[39m
[31m    at Object.Module._extensions..js (node:internal/modules/cjs/loader:1157:10)[39m
[31m    at Module.load (node:internal/modules/cjs/loader:981:32)[39m
[31m    at Function.Module._load (node:internal/modules/cjs/loader:822:12)[39m
[31m    at Module.require (node:internal/modules/cjs/loader:1005:19)[39m
[31m    at require (node:internal/modules/cjs/helpers:102:18)[39m
[31m    at Object.<anonymous> (C:\Users\user\Documents\Projects\social-media-app\controllers\authController.js:5:12)[39m
[31m    at Module._compile (node:internal/modules/cjs/loader:1103:14)[39m
2023-02-11 20:26:26:2626 [31merror[39m: [31muncaughtException: Sequelize is not defined[39m
[31mReferenceError: Sequelize is not defined[39m
[31m    at module.exports (C:\Users\user\Documents\Projects\social-media-app\models\postModel.js:8:15)[39m
[31m    at Object.<anonymous> (C:\Users\user\Documents\Projects\social-media-app\models\index.js:46:11)[39m
[31m    at Module._compile (node:internal/modules/cjs/loader:1103:14)[39m
[31m    at Object.Module._extensions..js (node:internal/modules/cjs/loader:1157:10)[39m
[31m    at Module.load (node:internal/modules/cjs/loader:981:32)[39m
[31m    at Function.Module._load (node:internal/modules/cjs/loader:822:12)[39m
[31m    at Module.require (node:internal/modules/cjs/loader:1005:19)[39m
[31m    at require (node:internal/modules/cjs/helpers:102:18)[39m
[31m    at Object.<anonymous> (C:\Users\user\Documents\Projects\social-media-app\controllers\authController.js:5:12)[39m
[31m    at Module._compile (node:internal/modules/cjs/loader:1103:14)[39m
2023-02-11 20:26:34:2634 [31merror[39m: [31muncaughtException: The "id" argument must be of type string. Received undefined[39m
[31mTypeError [ERR_INVALID_ARG_TYPE]: The "id" argument must be of type string. Received undefined[39m
[31m    at new NodeError (node:internal/errors:371:5)[39m
[31m    at validateString (node:internal/validators:120:11)[39m
[31m    at Module.require (node:internal/modules/cjs/loader:998:3)[39m
[31m    at require (node:internal/modules/cjs/helpers:102:18)[39m
[31m    at Object.<anonymous> (C:\Users\user\Documents\Projects\social-media-app\models\postModel.js:1:12)[39m
[31m    at Module._compile (node:internal/modules/cjs/loader:1103:14)[39m
[31m    at Object.Module._extensions..js (node:internal/modules/cjs/loader:1157:10)[39m
[31m    at Module.load (node:internal/modules/cjs/loader:981:32)[39m
[31m    at Function.Module._load (node:internal/modules/cjs/loader:822:12)[39m
[31m    at Module.require (node:internal/modules/cjs/loader:1005:19)[39m
2023-02-11 20:26:35:2635 [31merror[39m: [31muncaughtException: Sequelize is not defined[39m
[31mReferenceError: Sequelize is not defined[39m
[31m    at module.exports (C:\Users\user\Documents\Projects\social-media-app\models\postModel.js:8:15)[39m
[31m    at Object.<anonymous> (C:\Users\user\Documents\Projects\social-media-app\models\index.js:46:11)[39m
[31m    at Module._compile (node:internal/modules/cjs/loader:1103:14)[39m
[31m    at Object.Module._extensions..js (node:internal/modules/cjs/loader:1157:10)[39m
[31m    at Module.load (node:internal/modules/cjs/loader:981:32)[39m
[31m    at Function.Module._load (node:internal/modules/cjs/loader:822:12)[39m
[31m    at Module.require (node:internal/modules/cjs/loader:1005:19)[39m
[31m    at require (node:internal/modules/cjs/helpers:102:18)[39m
[31m    at Object.<anonymous> (C:\Users\user\Documents\Projects\social-media-app\controllers\authController.js:5:12)[39m
[31m    at Module._compile (node:internal/modules/cjs/loader:1103:14)[39m
2023-02-11 20:26:38:2638 [31merror[39m: [31muncaughtException: Sequelize is not defined[39m
[31mReferenceError: Sequelize is not defined[39m
[31m    at module.exports (C:\Users\user\Documents\Projects\social-media-app\models\postModel.js:8:15)[39m
[31m    at Object.<anonymous> (C:\Users\user\Documents\Projects\social-media-app\models\index.js:46:11)[39m
[31m    at Module._compile (node:internal/modules/cjs/loader:1103:14)[39m
[31m    at Object.Module._extensions..js (node:internal/modules/cjs/loader:1157:10)[39m
[31m    at Module.load (node:internal/modules/cjs/loader:981:32)[39m
[31m    at Function.Module._load (node:internal/modules/cjs/loader:822:12)[39m
[31m    at Module.require (node:internal/modules/cjs/loader:1005:19)[39m
[31m    at require (node:internal/modules/cjs/helpers:102:18)[39m
[31m    at Object.<anonymous> (C:\Users\user\Documents\Projects\social-media-app\controllers\authController.js:5:12)[39m
[31m    at Module._compile (node:internal/modules/cjs/loader:1103:14)[39m
2023-02-11 20:26:42:2642 [31merror[39m: [31muncaughtException: Cannot find module './index/'[39m
[31mRequire stack:[39m
[31m- C:\Users\user\Documents\Projects\social-media-app\models\postModel.js[39m
[31m- C:\Users\user\Documents\Projects\social-media-app\models\index.js[39m
[31m- C:\Users\user\Documents\Projects\social-media-app\controllers\authController.js[39m
[31m- C:\Users\user\Documents\Projects\social-media-app\routes\userRoute.js[39m
[31m- C:\Users\user\Documents\Projects\social-media-app\app.js[39m
[31m- C:\Users\user\Documents\Projects\social-media-app\server.js[39m
[31mError: Cannot find module './index/'[39m
[31mRequire stack:[39m
[31m- C:\Users\user\Documents\Projects\social-media-app\models\postModel.js[39m
[31m- C:\Users\user\Documents\Projects\social-media-app\models\index.js[39m
[31m- C:\Users\user\Documents\Projects\social-media-app\controllers\authController.js[39m
[31m- C:\Users\user\Documents\Projects\social-media-app\routes\userRoute.js[39m
[31m- C:\Users\user\Documents\Projects\social-media-app\app.js[39m
[31m- C:\Users\user\Documents\Projects\social-media-app\server.js[39m
[31m    at Function.Module._resolveFilename (node:internal/modules/cjs/loader:933:15)[39m
[31m    at Function.Module._load (node:internal/modules/cjs/loader:778:27)[39m
[31m    at Module.require (node:internal/modules/cjs/loader:1005:19)[39m
[31m    at require (node:internal/modules/cjs/helpers:102:18)[39m
[31m    at Object.<anonymous> (C:\Users\user\Documents\Projects\social-media-app\models\postModel.js:1:12)[39m
[31m    at Module._compile (node:internal/modules/cjs/loader:1103:14)[39m
[31m    at Object.Module._extensions..js (node:internal/modules/cjs/loader:1157:10)[39m
[31m    at Module.load (node:internal/modules/cjs/loader:981:32)[39m
[31m    at Function.Module._load (node:internal/modules/cjs/loader:822:12)[39m
[31m    at Module.require (node:internal/modules/cjs/loader:1005:19)[39m
2023-02-11 20:26:45:2645 [31merror[39m: [31muncaughtException: Sequelize is not defined[39m
[31mReferenceError: Sequelize is not defined[39m
[31m    at module.exports (C:\Users\user\Documents\Projects\social-media-app\models\postModel.js:8:15)[39m
[31m    at Object.<anonymous> (C:\Users\user\Documents\Projects\social-media-app\models\index.js:46:11)[39m
[31m    at Module._compile (node:internal/modules/cjs/loader:1103:14)[39m
[31m    at Object.Module._extensions..js (node:internal/modules/cjs/loader:1157:10)[39m
[31m    at Module.load (node:internal/modules/cjs/loader:981:32)[39m
[31m    at Function.Module._load (node:internal/modules/cjs/loader:822:12)[39m
[31m    at Module.require (node:internal/modules/cjs/loader:1005:19)[39m
[31m    at require (node:internal/modules/cjs/helpers:102:18)[39m
[31m    at Object.<anonymous> (C:\Users\user\Documents\Projects\social-media-app\controllers\authController.js:5:12)[39m
[31m    at Module._compile (node:internal/modules/cjs/loader:1103:14)[39m
2023-02-11 20:26:59:2659 [31merror[39m: [31muncaughtException: Cannot set properties of undefined (setting 'exports')[39m
[31mTypeError: Cannot set properties of undefined (setting 'exports')[39m
[31m    at Object.<anonymous> (C:\Users\user\Documents\Projects\social-media-app\models\postModel.js:4:16)[39m
[31m    at Module._compile (node:internal/modules/cjs/loader:1103:14)[39m
[31m    at Object.Module._extensions..js (node:internal/modules/cjs/loader:1157:10)[39m
[31m    at Module.load (node:internal/modules/cjs/loader:981:32)[39m
[31m    at Function.Module._load (node:internal/modules/cjs/loader:822:12)[39m
[31m    at Module.require (node:internal/modules/cjs/loader:1005:19)[39m
[31m    at require (node:internal/modules/cjs/helpers:102:18)[39m
[31m    at Object.<anonymous> (C:\Users\user\Documents\Projects\social-media-app\models\index.js:14:19)[39m
[31m    at Module._compile (node:internal/modules/cjs/loader:1103:14)[39m
[31m    at Object.Module._extensions..js (node:internal/modules/cjs/loader:1157:10)[39m
2023-02-11 20:27:02:272 [31merror[39m: [31muncaughtException: Sequelize is not defined[39m
[31mReferenceError: Sequelize is not defined[39m
[31m    at module.exports (C:\Users\user\Documents\Projects\social-media-app\models\postModel.js:9:15)[39m
[31m    at Object.<anonymous> (C:\Users\user\Documents\Projects\social-media-app\models\index.js:46:11)[39m
[31m    at Module._compile (node:internal/modules/cjs/loader:1103:14)[39m
[31m    at Object.Module._extensions..js (node:internal/modules/cjs/loader:1157:10)[39m
[31m    at Module.load (node:internal/modules/cjs/loader:981:32)[39m
[31m    at Function.Module._load (node:internal/modules/cjs/loader:822:12)[39m
[31m    at Module.require (node:internal/modules/cjs/loader:1005:19)[39m
[31m    at require (node:internal/modules/cjs/helpers:102:18)[39m
[31m    at Object.<anonymous> (C:\Users\user\Documents\Projects\social-media-app\controllers\authController.js:5:12)[39m
[31m    at Module._compile (node:internal/modules/cjs/loader:1103:14)[39m
2023-02-11 20:27:05:275 [31merror[39m: [31muncaughtException: Sequelize is not defined[39m
[31mReferenceError: Sequelize is not defined[39m
[31m    at module.exports (C:\Users\user\Documents\Projects\social-media-app\models\postModel.js:9:15)[39m
[31m    at Object.<anonymous> (C:\Users\user\Documents\Projects\social-media-app\models\index.js:46:11)[39m
[31m    at Module._compile (node:internal/modules/cjs/loader:1103:14)[39m
[31m    at Object.Module._extensions..js (node:internal/modules/cjs/loader:1157:10)[39m
[31m    at Module.load (node:internal/modules/cjs/loader:981:32)[39m
[31m    at Function.Module._load (node:internal/modules/cjs/loader:822:12)[39m
[31m    at Module.require (node:internal/modules/cjs/loader:1005:19)[39m
[31m    at require (node:internal/modules/cjs/helpers:102:18)[39m
[31m    at Object.<anonymous> (C:\Users\user\Documents\Projects\social-media-app\controllers\authController.js:5:12)[39m
[31m    at Module._compile (node:internal/modules/cjs/loader:1103:14)[39m
2023-02-11 20:28:58:2858 [31merror[39m: [31muncaughtException: Sequelize is not defined[39m
[31mReferenceError: Sequelize is not defined[39m
[31m    at module.exports (C:\Users\user\Documents\Projects\social-media-app\models\postModel.js:9:15)[39m
[31m    at Object.<anonymous> (C:\Users\user\Documents\Projects\social-media-app\models\index.js:46:11)[39m
[31m    at Module._compile (node:internal/modules/cjs/loader:1103:14)[39m
[31m    at Object.Module._extensions..js (node:internal/modules/cjs/loader:1157:10)[39m
[31m    at Module.load (node:internal/modules/cjs/loader:981:32)[39m
[31m    at Function.Module._load (node:internal/modules/cjs/loader:822:12)[39m
[31m    at Module.require (node:internal/modules/cjs/loader:1005:19)[39m
[31m    at require (node:internal/modules/cjs/helpers:102:18)[39m
[31m    at Object.<anonymous> (C:\Users\user\Documents\Projects\social-media-app\controllers\authController.js:5:12)[39m
[31m    at Module._compile (node:internal/modules/cjs/loader:1103:14)[39m
2023-02-11 20:29:01:291 [31merror[39m: [31muncaughtException: Sequelize is not defined[39m
[31mReferenceError: Sequelize is not defined[39m
[31m    at module.exports (C:\Users\user\Documents\Projects\social-media-app\models\postModel.js:9:15)[39m
[31m    at Object.<anonymous> (C:\Users\user\Documents\Projects\social-media-app\models\index.js:46:11)[39m
[31m    at Module._compile (node:internal/modules/cjs/loader:1103:14)[39m
[31m    at Object.Module._extensions..js (node:internal/modules/cjs/loader:1157:10)[39m
[31m    at Module.load (node:internal/modules/cjs/loader:981:32)[39m
[31m    at Function.Module._load (node:internal/modules/cjs/loader:822:12)[39m
[31m    at Module.require (node:internal/modules/cjs/loader:1005:19)[39m
[31m    at require (node:internal/modules/cjs/helpers:102:18)[39m
[31m    at Object.<anonymous> (C:\Users\user\Documents\Projects\social-media-app\controllers\authController.js:5:12)[39m
[31m    at Module._compile (node:internal/modules/cjs/loader:1103:14)[39m
2023-02-11 20:30:14:3014 [31merror[39m: [31muncaughtException: Identifier 'module' has already been declared[39m
[31mC:\Users\user\Documents\Projects\social-media-app\models\postModel.js:5[39m
[31mmodule.exports = (sequelize, DataTypes) => {[39m
[31m^[39m

[31mSyntaxError: Identifier 'module' has already been declared[39m
[31m    at Object.compileFunction (node:vm:352:18)[39m
[31m    at wrapSafe (node:internal/modules/cjs/loader:1032:15)[39m
[31m    at Module._compile (node:internal/modules/cjs/loader:1067:27)[39m
[31m    at Object.Module._extensions..js (node:internal/modules/cjs/loader:1157:10)[39m
[31m    at Module.load (node:internal/modules/cjs/loader:981:32)[39m
[31m    at Function.Module._load (node:internal/modules/cjs/loader:822:12)[39m
[31m    at Module.require (node:internal/modules/cjs/loader:1005:19)[39m
[31m    at require (node:internal/modules/cjs/helpers:102:18)[39m
[31m    at Object.<anonymous> (C:\Users\user\Documents\Projects\social-media-app\models\index.js:14:19)[39m
[31m    at Module._compile (node:internal/modules/cjs/loader:1103:14)[39m
2023-02-11 20:30:18:3018 [31merror[39m: [31muncaughtException: Missing initializer in const declaration[39m
[31mC:\Users\user\Documents\Projects\social-media-app\models\postModel.js:3[39m
[31mconst Se[39m
[31m      ^^[39m

[31mSyntaxError: Missing initializer in const declaration[39m
[31m    at Object.compileFunction (node:vm:352:18)[39m
[31m    at wrapSafe (node:internal/modules/cjs/loader:1032:15)[39m
[31m    at Module._compile (node:internal/modules/cjs/loader:1067:27)[39m
[31m    at Object.Module._extensions..js (node:internal/modules/cjs/loader:1157:10)[39m
[31m    at Module.load (node:internal/modules/cjs/loader:981:32)[39m
[31m    at Function.Module._load (node:internal/modules/cjs/loader:822:12)[39m
[31m    at Module.require (node:internal/modules/cjs/loader:1005:19)[39m
[31m    at require (node:internal/modules/cjs/helpers:102:18)[39m
[31m    at Object.<anonymous> (C:\Users\user\Documents\Projects\social-media-app\models\index.js:14:19)[39m
[31m    at Module._compile (node:internal/modules/cjs/loader:1103:14)[39m
2023-02-11 20:30:22:3022 [31merror[39m: [31muncaughtException: reqi is not defined[39m
[31mReferenceError: reqi is not defined[39m
[31m    at Object.<anonymous> (C:\Users\user\Documents\Projects\social-media-app\models\postModel.js:3:19)[39m
[31m    at Module._compile (node:internal/modules/cjs/loader:1103:14)[39m
[31m    at Object.Module._extensions..js (node:internal/modules/cjs/loader:1157:10)[39m
[31m    at Module.load (node:internal/modules/cjs/loader:981:32)[39m
[31m    at Function.Module._load (node:internal/modules/cjs/loader:822:12)[39m
[31m    at Module.require (node:internal/modules/cjs/loader:1005:19)[39m
[31m    at require (node:internal/modules/cjs/helpers:102:18)[39m
[31m    at Object.<anonymous> (C:\Users\user\Documents\Projects\social-media-app\models\index.js:14:19)[39m
[31m    at Module._compile (node:internal/modules/cjs/loader:1103:14)[39m
[31m    at Object.Module._extensions..js (node:internal/modules/cjs/loader:1157:10)[39m
2023-02-11 20:30:26:3026 [31merror[39m: [31muncaughtException: Unrecognized datatype for attribute "post.userId"[39m
[31mError: Unrecognized datatype for attribute "post.userId"[39m
[31m    at C:\Users\user\Documents\Projects\social-media-app\node_modules\sequelize\lib\model.js:726:15[39m
[31m    at C:\Users\user\Documents\Projects\social-media-app\node_modules\lodash\lodash.js:13469:38[39m
[31m    at C:\Users\user\Documents\Projects\social-media-app\node_modules\lodash\lodash.js:4967:15[39m
[31m    at baseForOwn (C:\Users\user\Documents\Projects\social-media-app\node_modules\lodash\lodash.js:3032:24)[39m
[31m    at Function.mapValues (C:\Users\user\Documents\Projects\social-media-app\node_modules\lodash\lodash.js:13468:7)[39m
[31m    at Function.init (C:\Users\user\Documents\Projects\social-media-app\node_modules\sequelize\lib\model.js:723:28)[39m
[31m    at Sequelize.define (C:\Users\user\Documents\Projects\social-media-app\node_modules\sequelize\lib\sequelize.js:224:11)[39m
[31m    at module.exports (C:\Users\user\Documents\Projects\social-media-app\models\postModel.js:6:26)[39m
[31m    at Object.<anonymous> (C:\Users\user\Documents\Projects\social-media-app\models\index.js:46:11)[39m
[31m    at Module._compile (node:internal/modules/cjs/loader:1103:14)[39m
2023-02-11 20:30:28:3028 [31merror[39m: [31muncaughtException: The "id" argument must be of type string. Received undefined[39m
[31mTypeError [ERR_INVALID_ARG_TYPE]: The "id" argument must be of type string. Received undefined[39m
[31m    at new NodeError (node:internal/errors:371:5)[39m
[31m    at validateString (node:internal/validators:120:11)[39m
[31m    at Module.require (node:internal/modules/cjs/loader:998:3)[39m
[31m    at require (node:internal/modules/cjs/helpers:102:18)[39m
[31m    at Object.<anonymous> (C:\Users\user\Documents\Projects\social-media-app\models\postModel.js:3:19)[39m
[31m    at Module._compile (node:internal/modules/cjs/loader:1103:14)[39m
[31m    at Object.Module._extensions..js (node:internal/modules/cjs/loader:1157:10)[39m
[31m    at Module.load (node:internal/modules/cjs/loader:981:32)[39m
[31m    at Function.Module._load (node:internal/modules/cjs/loader:822:12)[39m
[31m    at Module.require (node:internal/modules/cjs/loader:1005:19)[39m
2023-02-11 20:31:15:3115 [31merror[39m: [31mCannot delete or update a parent row: a foreign key constraint fails (`social_app`.`posts`, CONSTRAINT `posts_ibfk_1` FOREIGN KEY (`userId`) REFERENCES `users` (`id`))[39m
2023-02-11 20:35:16:3516 [31merror[39m: [31mCannot delete or update a parent row: a foreign key constraint fails (`social_app`.`posts`, CONSTRAINT `posts_ibfk_1` FOREIGN KEY (`userId`) REFERENCES `users` (`id`))[39m
2023-02-11 20:45:19:4519 [31merror[39m: [31muncaughtException: Missing initializer in const declaration[39m
[31mC:\Users\user\Documents\Projects\social-media-app\models\postModel.js:2[39m
[31mconst User[39m
[31m      ^^^^[39m

[31mSyntaxError: Missing initializer in const declaration[39m
[31m    at Object.compileFunction (node:vm:352:18)[39m
[31m    at wrapSafe (node:internal/modules/cjs/loader:1032:15)[39m
[31m    at Module._compile (node:internal/modules/cjs/loader:1067:27)[39m
[31m    at Object.Module._extensions..js (node:internal/modules/cjs/loader:1157:10)[39m
[31m    at Module.load (node:internal/modules/cjs/loader:981:32)[39m
[31m    at Function.Module._load (node:internal/modules/cjs/loader:822:12)[39m
[31m    at Module.require (node:internal/modules/cjs/loader:1005:19)[39m
[31m    at require (node:internal/modules/cjs/helpers:102:18)[39m
[31m    at Object.<anonymous> (C:\Users\user\Documents\Projects\social-media-app\models\index.js:14:19)[39m
[31m    at Module._compile (node:internal/modules/cjs/loader:1103:14)[39m
2023-02-11 20:45:23:4523 [31merror[39m: [31muncaughtException: Missing initializer in const declaration[39m
[31mC:\Users\user\Documents\Projects\social-media-app\models\postModel.js:2[39m
[31mconst User[39m
[31m      ^^^^[39m

[31mSyntaxError: Missing initializer in const declaration[39m
[31m    at Object.compileFunction (node:vm:352:18)[39m
[31m    at wrapSafe (node:internal/modules/cjs/loader:1032:15)[39m
[31m    at Module._compile (node:internal/modules/cjs/loader:1067:27)[39m
[31m    at Object.Module._extensions..js (node:internal/modules/cjs/loader:1157:10)[39m
[31m    at Module.load (node:internal/modules/cjs/loader:981:32)[39m
[31m    at Function.Module._load (node:internal/modules/cjs/loader:822:12)[39m
[31m    at Module.require (node:internal/modules/cjs/loader:1005:19)[39m
[31m    at require (node:internal/modules/cjs/helpers:102:18)[39m
[31m    at Object.<anonymous> (C:\Users\user\Documents\Projects\social-media-app\models\index.js:14:19)[39m
[31m    at Module._compile (node:internal/modules/cjs/loader:1103:14)[39m
2023-02-11 20:45:26:4526 [31merror[39m: [31muncaughtException: Missing initializer in const declaration[39m
[31mC:\Users\user\Documents\Projects\social-media-app\models\postModel.js:2[39m
[31mconst User[39m
[31m      ^^^^[39m

[31mSyntaxError: Missing initializer in const declaration[39m
[31m    at Object.compileFunction (node:vm:352:18)[39m
[31m    at wrapSafe (node:internal/modules/cjs/loader:1032:15)[39m
[31m    at Module._compile (node:internal/modules/cjs/loader:1067:27)[39m
[31m    at Object.Module._extensions..js (node:internal/modules/cjs/loader:1157:10)[39m
[31m    at Module.load (node:internal/modules/cjs/loader:981:32)[39m
[31m    at Function.Module._load (node:internal/modules/cjs/loader:822:12)[39m
[31m    at Module.require (node:internal/modules/cjs/loader:1005:19)[39m
[31m    at require (node:internal/modules/cjs/helpers:102:18)[39m
[31m    at Object.<anonymous> (C:\Users\user\Documents\Projects\social-media-app\models\index.js:14:19)[39m
[31m    at Module._compile (node:internal/modules/cjs/loader:1103:14)[39m
2023-02-11 20:45:29:4529 [31merror[39m: [31muncaughtException: Missing initializer in const declaration[39m
[31mC:\Users\user\Documents\Projects\social-media-app\models\postModel.js:2[39m
[31mconst User[39m
[31m      ^^^^[39m

[31mSyntaxError: Missing initializer in const declaration[39m
[31m    at Object.compileFunction (node:vm:352:18)[39m
[31m    at wrapSafe (node:internal/modules/cjs/loader:1032:15)[39m
[31m    at Module._compile (node:internal/modules/cjs/loader:1067:27)[39m
[31m    at Object.Module._extensions..js (node:internal/modules/cjs/loader:1157:10)[39m
[31m    at Module.load (node:internal/modules/cjs/loader:981:32)[39m
[31m    at Function.Module._load (node:internal/modules/cjs/loader:822:12)[39m
[31m    at Module.require (node:internal/modules/cjs/loader:1005:19)[39m
[31m    at require (node:internal/modules/cjs/helpers:102:18)[39m
[31m    at Object.<anonymous> (C:\Users\user\Documents\Projects\social-media-app\models\index.js:14:19)[39m
[31m    at Module._compile (node:internal/modules/cjs/loader:1103:14)[39m
2023-02-11 20:46:30:4630 [31merror[39m: [31muncaughtException: Unexpected token ','[39m
[31mC:\Users\user\Documents\Projects\social-media-app\models\index.js:66[39m
[31mPosts.belongsTo(User, , {[39m
[31m                      ^[39m

[31mSyntaxError: Unexpected token ','[39m
[31m    at Object.compileFunction (node:vm:352:18)[39m
[31m    at wrapSafe (node:internal/modules/cjs/loader:1032:15)[39m
[31m    at Module._compile (node:internal/modules/cjs/loader:1067:27)[39m
[31m    at Object.Module._extensions..js (node:internal/modules/cjs/loader:1157:10)[39m
[31m    at Module.load (node:internal/modules/cjs/loader:981:32)[39m
[31m    at Function.Module._load (node:internal/modules/cjs/loader:822:12)[39m
[31m    at Module.require (node:internal/modules/cjs/loader:1005:19)[39m
[31m    at require (node:internal/modules/cjs/helpers:102:18)[39m
[31m    at Object.<anonymous> (C:\Users\user\Documents\Projects\social-media-app\controllers\authController.js:5:12)[39m
[31m    at Module._compile (node:internal/modules/cjs/loader:1103:14)[39m
2023-02-11 20:48:28:4828 [31merror[39m: [31muncaughtException: Unexpected token ','[39m
[31mC:\Users\user\Documents\Projects\social-media-app\models\index.js:76[39m
[31mcomments.belongsTo(User, , {[39m
[31m                         ^[39m

[31mSyntaxError: Unexpected token ','[39m
[31m    at Object.compileFunction (node:vm:352:18)[39m
[31m    at wrapSafe (node:internal/modules/cjs/loader:1032:15)[39m
[31m    at Module._compile (node:internal/modules/cjs/loader:1067:27)[39m
[31m    at Object.Module._extensions..js (node:internal/modules/cjs/loader:1157:10)[39m
[31m    at Module.load (node:internal/modules/cjs/loader:981:32)[39m
[31m    at Function.Module._load (node:internal/modules/cjs/loader:822:12)[39m
[31m    at Module.require (node:internal/modules/cjs/loader:1005:19)[39m
[31m    at require (node:internal/modules/cjs/helpers:102:18)[39m
[31m    at Object.<anonymous> (C:\Users\user\Documents\Projects\social-media-app\controllers\authController.js:5:12)[39m
[31m    at Module._compile (node:internal/modules/cjs/loader:1103:14)[39m
2023-02-11 20:50:39:5039 [31merror[39m: [31mCannot delete or update a parent row: a foreign key constraint fails (`social_app`.`posts`, CONSTRAINT `posts_ibfk_1` FOREIGN KEY (`userId`) REFERENCES `users` (`id`))[39m
2023-02-11 21:09:08:98 [31merror[39m: [31mCannot delete or update a parent row: a foreign key constraint fails (`social_app`.`posts`, CONSTRAINT `posts_ibfk_1` FOREIGN KEY (`userId`) REFERENCES `users` (`id`))[39m
2023-02-11 21:30:46:3046 [31merror[39m: [31mCannot delete or update a parent row: a foreign key constraint fails (`social_app`.`posts`, CONSTRAINT `posts_ibfk_1` FOREIGN KEY (`userId`) REFERENCES `users` (`id`) ON UPDATE CASCADE)[39m
2023-02-11 21:31:44:3144 [31merror[39m: [31muncaughtException: on is not defined[39m
[31mReferenceError: on is not defined[39m
[31m    at createAssociations (C:\Users\user\Documents\Projects\social-media-app\models\index.js:67:3)[39m
[31m    at Object.<anonymous> (C:\Users\user\Documents\Projects\social-media-app\models\index.js:103:3)[39m
[31m    at Module._compile (node:internal/modules/cjs/loader:1103:14)[39m
[31m    at Object.Module._extensions..js (node:internal/modules/cjs/loader:1157:10)[39m
[31m    at Module.load (node:internal/modules/cjs/loader:981:32)[39m
[31m    at Function.Module._load (node:internal/modules/cjs/loader:822:12)[39m
[31m    at Module.require (node:internal/modules/cjs/loader:1005:19)[39m
[31m    at require (node:internal/modules/cjs/helpers:102:18)[39m
[31m    at Object.<anonymous> (C:\Users\user\Documents\Projects\social-media-app\controllers\authController.js:5:12)[39m
[31m    at Module._compile (node:internal/modules/cjs/loader:1103:14)[39m
2023-02-11 21:31:47:3147 [31merror[39m: [31muncaughtException: onUpdate is not defined[39m
[31mReferenceError: onUpdate is not defined[39m
[31m    at createAssociations (C:\Users\user\Documents\Projects\social-media-app\models\index.js:67:3)[39m
[31m    at Object.<anonymous> (C:\Users\user\Documents\Projects\social-media-app\models\index.js:103:3)[39m
[31m    at Module._compile (node:internal/modules/cjs/loader:1103:14)[39m
[31m    at Object.Module._extensions..js (node:internal/modules/cjs/loader:1157:10)[39m
[31m    at Module.load (node:internal/modules/cjs/loader:981:32)[39m
[31m    at Function.Module._load (node:internal/modules/cjs/loader:822:12)[39m
[31m    at Module.require (node:internal/modules/cjs/loader:1005:19)[39m
[31m    at require (node:internal/modules/cjs/helpers:102:18)[39m
[31m    at Object.<anonymous> (C:\Users\user\Documents\Projects\social-media-app\controllers\authController.js:5:12)[39m
[31m    at Module._compile (node:internal/modules/cjs/loader:1103:14)[39m
2023-02-11 21:31:48:3148 [31merror[39m: [31muncaughtException: Unexpected token '}'[39m
[31mC:\Users\user\Documents\Projects\social-media-app\models\index.js:68[39m
[31m});[39m
[31m^[39m

[31mSyntaxError: Unexpected token '}'[39m
[31m    at Object.compileFunction (node:vm:352:18)[39m
[31m    at wrapSafe (node:internal/modules/cjs/loader:1032:15)[39m
[31m    at Module._compile (node:internal/modules/cjs/loader:1067:27)[39m
[31m    at Object.Module._extensions..js (node:internal/modules/cjs/loader:1157:10)[39m
[31m    at Module.load (node:internal/modules/cjs/loader:981:32)[39m
[31m    at Function.Module._load (node:internal/modules/cjs/loader:822:12)[39m
[31m    at Module.require (node:internal/modules/cjs/loader:1005:19)[39m
[31m    at require (node:internal/modules/cjs/helpers:102:18)[39m
[31m    at Object.<anonymous> (C:\Users\user\Documents\Projects\social-media-app\controllers\authController.js:5:12)[39m
[31m    at Module._compile (node:internal/modules/cjs/loader:1103:14)[39m
2023-02-11 21:31:54:3154 [31merror[39m: [31muncaughtException: Invalid or unexpected token[39m
[31mC:\Users\user\Documents\Projects\social-media-app\models\index.js:67[39m
[31m  onUpdate: 'NO a\'[39m
[31m            ^^^^^^^[39m

[31mSyntaxError: Invalid or unexpected token[39m
[31m    at Object.compileFunction (node:vm:352:18)[39m
[31m    at wrapSafe (node:internal/modules/cjs/loader:1032:15)[39m
[31m    at Module._compile (node:internal/modules/cjs/loader:1067:27)[39m
[31m    at Object.Module._extensions..js (node:internal/modules/cjs/loader:1157:10)[39m
[31m    at Module.load (node:internal/modules/cjs/loader:981:32)[39m
[31m    at Function.Module._load (node:internal/modules/cjs/loader:822:12)[39m
[31m    at Module.require (node:internal/modules/cjs/loader:1005:19)[39m
[31m    at require (node:internal/modules/cjs/helpers:102:18)[39m
[31m    at Object.<anonymous> (C:\Users\user\Documents\Projects\social-media-app\controllers\authController.js:5:12)[39m
[31m    at Module._compile (node:internal/modules/cjs/loader:1103:14)[39m
2023-02-11 21:31:55:3155 [31merror[39m: [31muncaughtException: Invalid or unexpected token[39m
[31mC:\Users\user\Documents\Projects\social-media-app\models\index.js:67[39m
[31m  onUpdate: 'NO a\'[39m
[31m            ^^^^^^^[39m

[31mSyntaxError: Invalid or unexpected token[39m
[31m    at Object.compileFunction (node:vm:352:18)[39m
[31m    at wrapSafe (node:internal/modules/cjs/loader:1032:15)[39m
[31m    at Module._compile (node:internal/modules/cjs/loader:1067:27)[39m
[31m    at Object.Module._extensions..js (node:internal/modules/cjs/loader:1157:10)[39m
[31m    at Module.load (node:internal/modules/cjs/loader:981:32)[39m
[31m    at Function.Module._load (node:internal/modules/cjs/loader:822:12)[39m
[31m    at Module.require (node:internal/modules/cjs/loader:1005:19)[39m
[31m    at require (node:internal/modules/cjs/helpers:102:18)[39m
[31m    at Object.<anonymous> (C:\Users\user\Documents\Projects\social-media-app\controllers\authController.js:5:12)[39m
[31m    at Module._compile (node:internal/modules/cjs/loader:1103:14)[39m
2023-02-11 21:32:23:3223 [31merror[39m: [31mCannot delete or update a parent row: a foreign key constraint fails (`social_app`.`posts`, CONSTRAINT `posts_ibfk_1` FOREIGN KEY (`userId`) REFERENCES `users` (`id`) ON UPDATE CASCADE)[39m
2023-02-11 21:32:51:3251 [31merror[39m: [31mCannot delete or update a parent row: a foreign key constraint fails (`social_app`.`posts`, CONSTRAINT `posts_ibfk_1` FOREIGN KEY (`userId`) REFERENCES `users` (`id`))[39m
2023-02-11 21:37:40:3740 [31merror[39m: [31muncaughtException: Invalid or unexpected token[39m
[31mC:\Users\user\Documents\Projects\social-media-app\models\index.js:68[39m
[31m  onUpdate: 'SET NULL[39m
[31m            ^^^^^^^^^[39m

[31mSyntaxError: Invalid or unexpected token[39m
[31m    at Object.compileFunction (node:vm:352:18)[39m
[31m    at wrapSafe (node:internal/modules/cjs/loader:1032:15)[39m
[31m    at Module._compile (node:internal/modules/cjs/loader:1067:27)[39m
[31m    at Object.Module._extensions..js (node:internal/modules/cjs/loader:1157:10)[39m
[31m    at Module.load (node:internal/modules/cjs/loader:981:32)[39m
[31m    at Function.Module._load (node:internal/modules/cjs/loader:822:12)[39m
[31m    at Module.require (node:internal/modules/cjs/loader:1005:19)[39m
[31m    at require (node:internal/modules/cjs/helpers:102:18)[39m
[31m    at Object.<anonymous> (C:\Users\user\Documents\Projects\social-media-app\controllers\authController.js:5:12)[39m
[31m    at Module._compile (node:internal/modules/cjs/loader:1103:14)[39m
2023-02-12 22:55:39:5539 [31merror[39m: [31m/favicon.ico not found on this server[39m
2023-02-12 22:56:18:5618 [31merror[39m: [31m/favicon.ico not found on this server[39m
2023-02-12 22:56:47:5647 [31merror[39m: [31m/favicon.ico not found on this server[39m
2023-02-12 22:57:52:5752 [31merror[39m: [31m/favicon.ico not found on this server[39m
2023-02-12 23:13:06:136 [31merror[39m: [31m/favicon.ico not found on this server[39m
2023-02-14 10:51:53:5153 [31merror[39m: [31muncaughtException: Route.delete() requires a callback function but got a [object Undefined][39m
[31mError: Route.delete() requires a callback function but got a [object Undefined][39m
[31m    at Route.<computed> [as delete] (C:\Users\user\Documents\Projects\social-media-app\node_modules\express\lib\router\route.js:211:15)[39m
[31m    at Function.proto.<computed> [as delete] (C:\Users\user\Documents\Projects\social-media-app\node_modules\express\lib\router\index.js:521:19)[39m
[31m    at Object.<anonymous> (C:\Users\user\Documents\Projects\social-media-app\routes\profileRoute.js:8:14)[39m
[31m    at Module._compile (node:internal/modules/cjs/loader:1103:14)[39m
[31m    at Object.Module._extensions..js (node:internal/modules/cjs/loader:1157:10)[39m
[31m    at Module.load (node:internal/modules/cjs/loader:981:32)[39m
[31m    at Function.Module._load (node:internal/modules/cjs/loader:822:12)[39m
[31m    at Module.require (node:internal/modules/cjs/loader:1005:19)[39m
[31m    at require (node:internal/modules/cjs/helpers:102:18)[39m
[31m    at Object.<anonymous> (C:\Users\user\Documents\Projects\social-media-app\app.js:10:22)[39m
[31m    at Module._compile (node:internal/modules/cjs/loader:1103:14)[39m
[31m    at Object.Module._extensions..js (node:internal/modules/cjs/loader:1157:10)[39m
[31m    at Module.load (node:internal/modules/cjs/loader:981:32)[39m
[31m    at Function.Module._load (node:internal/modules/cjs/loader:822:12)[39m
[31m    at Module.require (node:internal/modules/cjs/loader:1005:19)[39m
[31m    at require (node:internal/modules/cjs/helpers:102:18)[39m
2023-02-14 10:52:01:521 [31merror[39m: [31muncaughtException: Route.delete() requires a callback function but got a [object Undefined][39m
[31mError: Route.delete() requires a callback function but got a [object Undefined][39m
[31m    at Route.<computed> [as delete] (C:\Users\user\Documents\Projects\social-media-app\node_modules\express\lib\router\route.js:211:15)[39m
[31m    at Function.proto.<computed> [as delete] (C:\Users\user\Documents\Projects\social-media-app\node_modules\express\lib\router\index.js:521:19)[39m
[31m    at Object.<anonymous> (C:\Users\user\Documents\Projects\social-media-app\routes\profileRoute.js:8:14)[39m
[31m    at Module._compile (node:internal/modules/cjs/loader:1103:14)[39m
[31m    at Object.Module._extensions..js (node:internal/modules/cjs/loader:1157:10)[39m
[31m    at Module.load (node:internal/modules/cjs/loader:981:32)[39m
[31m    at Function.Module._load (node:internal/modules/cjs/loader:822:12)[39m
[31m    at Module.require (node:internal/modules/cjs/loader:1005:19)[39m
[31m    at require (node:internal/modules/cjs/helpers:102:18)[39m
[31m    at Object.<anonymous> (C:\Users\user\Documents\Projects\social-media-app\app.js:10:22)[39m
[31m    at Module._compile (node:internal/modules/cjs/loader:1103:14)[39m
[31m    at Object.Module._extensions..js (node:internal/modules/cjs/loader:1157:10)[39m
[31m    at Module.load (node:internal/modules/cjs/loader:981:32)[39m
[31m    at Function.Module._load (node:internal/modules/cjs/loader:822:12)[39m
[31m    at Module.require (node:internal/modules/cjs/loader:1005:19)[39m
[31m    at require (node:internal/modules/cjs/helpers:102:18)[39m
2023-02-14 10:52:20:5220 [31merror[39m: [31muncaughtException: de is not defined[39m
[31mReferenceError: de is not defined[39m
[31m    at Object.<anonymous> (C:\Users\user\Documents\Projects\social-media-app\routes\profileRoute.js:8:26)[39m
[31m    at Module._compile (node:internal/modules/cjs/loader:1103:14)[39m
[31m    at Object.Module._extensions..js (node:internal/modules/cjs/loader:1157:10)[39m
[31m    at Module.load (node:internal/modules/cjs/loader:981:32)[39m
[31m    at Function.Module._load (node:internal/modules/cjs/loader:822:12)[39m
[31m    at Module.require (node:internal/modules/cjs/loader:1005:19)[39m
[31m    at require (node:internal/modules/cjs/helpers:102:18)[39m
[31m    at Object.<anonymous> (C:\Users\user\Documents\Projects\social-media-app\app.js:10:22)[39m
[31m    at Module._compile (node:internal/modules/cjs/loader:1103:14)[39m
[31m    at Object.Module._extensions..js (node:internal/modules/cjs/loader:1157:10)[39m
[31m    at Module.load (node:internal/modules/cjs/loader:981:32)[39m
[31m    at Function.Module._load (node:internal/modules/cjs/loader:822:12)[39m
[31m    at Module.require (node:internal/modules/cjs/loader:1005:19)[39m
[31m    at require (node:internal/modules/cjs/helpers:102:18)[39m
[31m    at Object.<anonymous> (C:\Users\user\Documents\Projects\social-media-app\server.js:1:13)[39m
[31m    at Module._compile (node:internal/modules/cjs/loader:1103:14)[39m
2023-02-14 10:52:29:5229 [31merror[39m: [31muncaughtException: deleteCont is not defined[39m
[31mReferenceError: deleteCont is not defined[39m
[31m    at Object.<anonymous> (C:\Users\user\Documents\Projects\social-media-app\routes\profileRoute.js:8:26)[39m
[31m    at Module._compile (node:internal/modules/cjs/loader:1103:14)[39m
[31m    at Object.Module._extensions..js (node:internal/modules/cjs/loader:1157:10)[39m
[31m    at Module.load (node:internal/modules/cjs/loader:981:32)[39m
[31m    at Function.Module._load (node:internal/modules/cjs/loader:822:12)[39m
[31m    at Module.require (node:internal/modules/cjs/loader:1005:19)[39m
[31m    at require (node:internal/modules/cjs/helpers:102:18)[39m
[31m    at Object.<anonymous> (C:\Users\user\Documents\Projects\social-media-app\app.js:10:22)[39m
[31m    at Module._compile (node:internal/modules/cjs/loader:1103:14)[39m
[31m    at Object.Module._extensions..js (node:internal/modules/cjs/loader:1157:10)[39m
[31m    at Module.load (node:internal/modules/cjs/loader:981:32)[39m
[31m    at Function.Module._load (node:internal/modules/cjs/loader:822:12)[39m
[31m    at Module.require (node:internal/modules/cjs/loader:1005:19)[39m
[31m    at require (node:internal/modules/cjs/helpers:102:18)[39m
[31m    at Object.<anonymous> (C:\Users\user\Documents\Projects\social-media-app\server.js:1:13)[39m
[31m    at Module._compile (node:internal/modules/cjs/loader:1103:14)[39m
2023-02-14 10:52:35:5235 [31merror[39m: [31muncaughtException: deleteCont is not defined[39m
[31mReferenceError: deleteCont is not defined[39m
[31m    at Object.<anonymous> (C:\Users\user\Documents\Projects\social-media-app\routes\profileRoute.js:9:26)[39m
[31m    at Module._compile (node:internal/modules/cjs/loader:1103:14)[39m
[31m    at Object.Module._extensions..js (node:internal/modules/cjs/loader:1157:10)[39m
[31m    at Module.load (node:internal/modules/cjs/loader:981:32)[39m
[31m    at Function.Module._load (node:internal/modules/cjs/loader:822:12)[39m
[31m    at Module.require (node:internal/modules/cjs/loader:1005:19)[39m
[31m    at require (node:internal/modules/cjs/helpers:102:18)[39m
[31m    at Object.<anonymous> (C:\Users\user\Documents\Projects\social-media-app\app.js:10:22)[39m
[31m    at Module._compile (node:internal/modules/cjs/loader:1103:14)[39m
[31m    at Object.Module._extensions..js (node:internal/modules/cjs/loader:1157:10)[39m
[31m    at Module.load (node:internal/modules/cjs/loader:981:32)[39m
[31m    at Function.Module._load (node:internal/modules/cjs/loader:822:12)[39m
[31m    at Module.require (node:internal/modules/cjs/loader:1005:19)[39m
[31m    at require (node:internal/modules/cjs/helpers:102:18)[39m
[31m    at Object.<anonymous> (C:\Users\user\Documents\Projects\social-media-app\server.js:1:13)[39m
[31m    at Module._compile (node:internal/modules/cjs/loader:1103:14)[39m
2023-02-14 10:52:40:5240 [31merror[39m: [31muncaughtException: Missing initializer in const declaration[39m
[31mC:\Users\user\Documents\Projects\social-media-app\routes\profileRoute.js:4[39m
[31mconst det[39m
[31m      ^^^[39m

[31mSyntaxError: Missing initializer in const declaration[39m
[31m    at Object.compileFunction (node:vm:352:18)[39m
[31m    at wrapSafe (node:internal/modules/cjs/loader:1032:15)[39m
[31m    at Module._compile (node:internal/modules/cjs/loader:1067:27)[39m
[31m    at Object.Module._extensions..js (node:internal/modules/cjs/loader:1157:10)[39m
[31m    at Module.load (node:internal/modules/cjs/loader:981:32)[39m
[31m    at Function.Module._load (node:internal/modules/cjs/loader:822:12)[39m
[31m    at Module.require (node:internal/modules/cjs/loader:1005:19)[39m
[31m    at require (node:internal/modules/cjs/helpers:102:18)[39m
[31m    at Object.<anonymous> (C:\Users\user\Documents\Projects\social-media-app\app.js:10:22)[39m
[31m    at Module._compile (node:internal/modules/cjs/loader:1103:14)[39m
[31m    at Object.Module._extensions..js (node:internal/modules/cjs/loader:1157:10)[39m
[31m    at Module.load (node:internal/modules/cjs/loader:981:32)[39m
[31m    at Function.Module._load (node:internal/modules/cjs/loader:822:12)[39m
[31m    at Module.require (node:internal/modules/cjs/loader:1005:19)[39m
[31m    at require (node:internal/modules/cjs/helpers:102:18)[39m
[31m    at Object.<anonymous> (C:\Users\user\Documents\Projects\social-media-app\server.js:1:13)[39m
2023-02-14 10:52:47:5247 [31merror[39m: [31muncaughtException: Missing initializer in const declaration[39m
[31mC:\Users\user\Documents\Projects\social-media-app\routes\profileRoute.js:4[39m
[31mconst deleteCrollle[39m
[31m      ^^^^^^^^^^^^^[39m

[31mSyntaxError: Missing initializer in const declaration[39m
[31m    at Object.compileFunction (node:vm:352:18)[39m
[31m    at wrapSafe (node:internal/modules/cjs/loader:1032:15)[39m
[31m    at Module._compile (node:internal/modules/cjs/loader:1067:27)[39m
[31m    at Object.Module._extensions..js (node:internal/modules/cjs/loader:1157:10)[39m
[31m    at Module.load (node:internal/modules/cjs/loader:981:32)[39m
[31m    at Function.Module._load (node:internal/modules/cjs/loader:822:12)[39m
[31m    at Module.require (node:internal/modules/cjs/loader:1005:19)[39m
[31m    at require (node:internal/modules/cjs/helpers:102:18)[39m
[31m    at Object.<anonymous> (C:\Users\user\Documents\Projects\social-media-app\app.js:10:22)[39m
[31m    at Module._compile (node:internal/modules/cjs/loader:1103:14)[39m
[31m    at Object.Module._extensions..js (node:internal/modules/cjs/loader:1157:10)[39m
[31m    at Module.load (node:internal/modules/cjs/loader:981:32)[39m
[31m    at Function.Module._load (node:internal/modules/cjs/loader:822:12)[39m
[31m    at Module.require (node:internal/modules/cjs/loader:1005:19)[39m
[31m    at require (node:internal/modules/cjs/helpers:102:18)[39m
[31m    at Object.<anonymous> (C:\Users\user\Documents\Projects\social-media-app\server.js:1:13)[39m
2023-02-14 10:52:53:5253 [31merror[39m: [31muncaughtException: Missing initializer in const declaration[39m
[31mC:\Users\user\Documents\Projects\social-media-app\routes\profileRoute.js:4[39m
[31mconst deleteController [39m
[31m      ^^^^^^^^^^^^^^^^[39m

[31mSyntaxError: Missing initializer in const declaration[39m
[31m    at Object.compileFunction (node:vm:352:18)[39m
[31m    at wrapSafe (node:internal/modules/cjs/loader:1032:15)[39m
[31m    at Module._compile (node:internal/modules/cjs/loader:1067:27)[39m
[31m    at Object.Module._extensions..js (node:internal/modules/cjs/loader:1157:10)[39m
[31m    at Module.load (node:internal/modules/cjs/loader:981:32)[39m
[31m    at Function.Module._load (node:internal/modules/cjs/loader:822:12)[39m
[31m    at Module.require (node:internal/modules/cjs/loader:1005:19)[39m
[31m    at require (node:internal/modules/cjs/helpers:102:18)[39m
[31m    at Object.<anonymous> (C:\Users\user\Documents\Projects\social-media-app\app.js:10:22)[39m
[31m    at Module._compile (node:internal/modules/cjs/loader:1103:14)[39m
[31m    at Object.Module._extensions..js (node:internal/modules/cjs/loader:1157:10)[39m
[31m    at Module.load (node:internal/modules/cjs/loader:981:32)[39m
[31m    at Function.Module._load (node:internal/modules/cjs/loader:822:12)[39m
[31m    at Module.require (node:internal/modules/cjs/loader:1005:19)[39m
[31m    at require (node:internal/modules/cjs/helpers:102:18)[39m
[31m    at Object.<anonymous> (C:\Users\user\Documents\Projects\social-media-app\server.js:1:13)[39m
2023-02-14 10:52:55:5255 [31merror[39m: [31muncaughtException: deleteCont is not defined[39m
[31mReferenceError: deleteCont is not defined[39m
[31m    at Object.<anonymous> (C:\Users\user\Documents\Projects\social-media-app\routes\profileRoute.js:9:26)[39m
[31m    at Module._compile (node:internal/modules/cjs/loader:1103:14)[39m
[31m    at Object.Module._extensions..js (node:internal/modules/cjs/loader:1157:10)[39m
[31m    at Module.load (node:internal/modules/cjs/loader:981:32)[39m
[31m    at Function.Module._load (node:internal/modules/cjs/loader:822:12)[39m
[31m    at Module.require (node:internal/modules/cjs/loader:1005:19)[39m
[31m    at require (node:internal/modules/cjs/helpers:102:18)[39m
[31m    at Object.<anonymous> (C:\Users\user\Documents\Projects\social-media-app\app.js:10:22)[39m
[31m    at Module._compile (node:internal/modules/cjs/loader:1103:14)[39m
[31m    at Object.Module._extensions..js (node:internal/modules/cjs/loader:1157:10)[39m
[31m    at Module.load (node:internal/modules/cjs/loader:981:32)[39m
[31m    at Function.Module._load (node:internal/modules/cjs/loader:822:12)[39m
[31m    at Module.require (node:internal/modules/cjs/loader:1005:19)[39m
[31m    at require (node:internal/modules/cjs/helpers:102:18)[39m
[31m    at Object.<anonymous> (C:\Users\user\Documents\Projects\social-media-app\server.js:1:13)[39m
[31m    at Module._compile (node:internal/modules/cjs/loader:1103:14)[39m
2023-02-14 10:53:01:531 [31merror[39m: [31muncaughtException: The "id" argument must be of type string. Received undefined[39m
[31mTypeError [ERR_INVALID_ARG_TYPE]: The "id" argument must be of type string. Received undefined[39m
[31m    at new NodeError (node:internal/errors:371:5)[39m
[31m    at validateString (node:internal/validators:120:11)[39m
[31m    at Module.require (node:internal/modules/cjs/loader:998:3)[39m
[31m    at require (node:internal/modules/cjs/helpers:102:18)[39m
[31m    at Object.<anonymous> (C:\Users\user\Documents\Projects\social-media-app\routes\profileRoute.js:4:26)[39m
[31m    at Module._compile (node:internal/modules/cjs/loader:1103:14)[39m
[31m    at Object.Module._extensions..js (node:internal/modules/cjs/loader:1157:10)[39m
[31m    at Module.load (node:internal/modules/cjs/loader:981:32)[39m
[31m    at Function.Module._load (node:internal/modules/cjs/loader:822:12)[39m
[31m    at Module.require (node:internal/modules/cjs/loader:1005:19)[39m
[31m    at require (node:internal/modules/cjs/helpers:102:18)[39m
[31m    at Object.<anonymous> (C:\Users\user\Documents\Projects\social-media-app\app.js:10:22)[39m
[31m    at Module._compile (node:internal/modules/cjs/loader:1103:14)[39m
[31m    at Object.Module._extensions..js (node:internal/modules/cjs/loader:1157:10)[39m
[31m    at Module.load (node:internal/modules/cjs/loader:981:32)[39m
[31m    at Function.Module._load (node:internal/modules/cjs/loader:822:12)[39m
2023-02-14 10:53:08:538 [31merror[39m: [31muncaughtException: Cannot find module './'[39m
[31mRequire stack:[39m
[31m- C:\Users\user\Documents\Projects\social-media-app\routes\profileRoute.js[39m
[31m- C:\Users\user\Documents\Projects\social-media-app\app.js[39m
[31m- C:\Users\user\Documents\Projects\social-media-app\server.js[39m
[31mError: Cannot find module './'[39m
[31mRequire stack:[39m
[31m- C:\Users\user\Documents\Projects\social-media-app\routes\profileRoute.js[39m
[31m- C:\Users\user\Documents\Projects\social-media-app\app.js[39m
[31m- C:\Users\user\Documents\Projects\social-media-app\server.js[39m
[31m    at Function.Module._resolveFilename (node:internal/modules/cjs/loader:933:15)[39m
[31m    at Function.Module._load (node:internal/modules/cjs/loader:778:27)[39m
[31m    at Module.require (node:internal/modules/cjs/loader:1005:19)[39m
[31m    at require (node:internal/modules/cjs/helpers:102:18)[39m
[31m    at Object.<anonymous> (C:\Users\user\Documents\Projects\social-media-app\routes\profileRoute.js:4:26)[39m
[31m    at Module._compile (node:internal/modules/cjs/loader:1103:14)[39m
[31m    at Object.Module._extensions..js (node:internal/modules/cjs/loader:1157:10)[39m
[31m    at Module.load (node:internal/modules/cjs/loader:981:32)[39m
[31m    at Function.Module._load (node:internal/modules/cjs/loader:822:12)[39m
[31m    at Module.require (node:internal/modules/cjs/loader:1005:19)[39m
[31m    at require (node:internal/modules/cjs/helpers:102:18)[39m
[31m    at Object.<anonymous> (C:\Users\user\Documents\Projects\social-media-app\app.js:10:22)[39m
[31m    at Module._compile (node:internal/modules/cjs/loader:1103:14)[39m
[31m    at Object.Module._extensions..js (node:internal/modules/cjs/loader:1157:10)[39m
[31m    at Module.load (node:internal/modules/cjs/loader:981:32)[39m
[31m    at Function.Module._load (node:internal/modules/cjs/loader:822:12)[39m
2023-02-14 10:53:11:5311 [31merror[39m: [31muncaughtException: deleteCont is not defined[39m
[31mReferenceError: deleteCont is not defined[39m
[31m    at Object.<anonymous> (C:\Users\user\Documents\Projects\social-media-app\routes\profileRoute.js:9:26)[39m
[31m    at Module._compile (node:internal/modules/cjs/loader:1103:14)[39m
[31m    at Object.Module._extensions..js (node:internal/modules/cjs/loader:1157:10)[39m
[31m    at Module.load (node:internal/modules/cjs/loader:981:32)[39m
[31m    at Function.Module._load (node:internal/modules/cjs/loader:822:12)[39m
[31m    at Module.require (node:internal/modules/cjs/loader:1005:19)[39m
[31m    at require (node:internal/modules/cjs/helpers:102:18)[39m
[31m    at Object.<anonymous> (C:\Users\user\Documents\Projects\social-media-app\app.js:10:22)[39m
[31m    at Module._compile (node:internal/modules/cjs/loader:1103:14)[39m
[31m    at Object.Module._extensions..js (node:internal/modules/cjs/loader:1157:10)[39m
[31m    at Module.load (node:internal/modules/cjs/loader:981:32)[39m
[31m    at Function.Module._load (node:internal/modules/cjs/loader:822:12)[39m
[31m    at Module.require (node:internal/modules/cjs/loader:1005:19)[39m
[31m    at require (node:internal/modules/cjs/helpers:102:18)[39m
[31m    at Object.<anonymous> (C:\Users\user\Documents\Projects\social-media-app\server.js:1:13)[39m
[31m    at Module._compile (node:internal/modules/cjs/loader:1103:14)[39m
2023-02-14 10:53:16:5316 [31merror[39m: [31muncaughtException: Cannot find module '../controllers/'[39m
[31mRequire stack:[39m
[31m- C:\Users\user\Documents\Projects\social-media-app\routes\profileRoute.js[39m
[31m- C:\Users\user\Documents\Projects\social-media-app\app.js[39m
[31m- C:\Users\user\Documents\Projects\social-media-app\server.js[39m
[31mError: Cannot find module '../controllers/'[39m
[31mRequire stack:[39m
[31m- C:\Users\user\Documents\Projects\social-media-app\routes\profileRoute.js[39m
[31m- C:\Users\user\Documents\Projects\social-media-app\app.js[39m
[31m- C:\Users\user\Documents\Projects\social-media-app\server.js[39m
[31m    at Function.Module._resolveFilename (node:internal/modules/cjs/loader:933:15)[39m
[31m    at Function.Module._load (node:internal/modules/cjs/loader:778:27)[39m
[31m    at Module.require (node:internal/modules/cjs/loader:1005:19)[39m
[31m    at require (node:internal/modules/cjs/helpers:102:18)[39m
[31m    at Object.<anonymous> (C:\Users\user\Documents\Projects\social-media-app\routes\profileRoute.js:4:26)[39m
[31m    at Module._compile (node:internal/modules/cjs/loader:1103:14)[39m
[31m    at Object.Module._extensions..js (node:internal/modules/cjs/loader:1157:10)[39m
[31m    at Module.load (node:internal/modules/cjs/loader:981:32)[39m
[31m    at Function.Module._load (node:internal/modules/cjs/loader:822:12)[39m
[31m    at Module.require (node:internal/modules/cjs/loader:1005:19)[39m
[31m    at require (node:internal/modules/cjs/helpers:102:18)[39m
[31m    at Object.<anonymous> (C:\Users\user\Documents\Projects\social-media-app\app.js:10:22)[39m
[31m    at Module._compile (node:internal/modules/cjs/loader:1103:14)[39m
[31m    at Object.Module._extensions..js (node:internal/modules/cjs/loader:1157:10)[39m
[31m    at Module.load (node:internal/modules/cjs/loader:981:32)[39m
[31m    at Function.Module._load (node:internal/modules/cjs/loader:822:12)[39m
2023-02-14 10:53:18:5318 [31merror[39m: [31muncaughtException: deleteCont is not defined[39m
[31mReferenceError: deleteCont is not defined[39m
[31m    at Object.<anonymous> (C:\Users\user\Documents\Projects\social-media-app\routes\profileRoute.js:9:26)[39m
[31m    at Module._compile (node:internal/modules/cjs/loader:1103:14)[39m
[31m    at Object.Module._extensions..js (node:internal/modules/cjs/loader:1157:10)[39m
[31m    at Module.load (node:internal/modules/cjs/loader:981:32)[39m
[31m    at Function.Module._load (node:internal/modules/cjs/loader:822:12)[39m
[31m    at Module.require (node:internal/modules/cjs/loader:1005:19)[39m
[31m    at require (node:internal/modules/cjs/helpers:102:18)[39m
[31m    at Object.<anonymous> (C:\Users\user\Documents\Projects\social-media-app\app.js:10:22)[39m
[31m    at Module._compile (node:internal/modules/cjs/loader:1103:14)[39m
[31m    at Object.Module._extensions..js (node:internal/modules/cjs/loader:1157:10)[39m
[31m    at Module.load (node:internal/modules/cjs/loader:981:32)[39m
[31m    at Function.Module._load (node:internal/modules/cjs/loader:822:12)[39m
[31m    at Module.require (node:internal/modules/cjs/loader:1005:19)[39m
[31m    at require (node:internal/modules/cjs/helpers:102:18)[39m
[31m    at Object.<anonymous> (C:\Users\user\Documents\Projects\social-media-app\server.js:1:13)[39m
[31m    at Module._compile (node:internal/modules/cjs/loader:1103:14)[39m
2023-02-14 11:48:43:4843 [31merror[39m: [31mToo many keys specified; max 64 keys allowed[39m
2023-02-14 11:49:19:4919 [31merror[39m: [31muncaughtException: Unexpected token ']'[39m
[31mC:\Users\user\Documents\Projects\social-media-app\models\profileModel.js:36[39m
[31m        'headerURL', 'avatarURL'];[39m
[31m                                ^[39m

[31mSyntaxError: Unexpected token ']'[39m
[31m    at Object.compileFunction (node:vm:352:18)[39m
[31m    at wrapSafe (node:internal/modules/cjs/loader:1032:15)[39m
[31m    at Module._compile (node:internal/modules/cjs/loader:1067:27)[39m
[31m    at Object.Module._extensions..js (node:internal/modules/cjs/loader:1157:10)[39m
[31m    at Module.load (node:internal/modules/cjs/loader:981:32)[39m
[31m    at Function.Module._load (node:internal/modules/cjs/loader:822:12)[39m
[31m    at Module.require (node:internal/modules/cjs/loader:1005:19)[39m
[31m    at require (node:internal/modules/cjs/helpers:102:18)[39m
[31m    at Object.<anonymous> (C:\Users\user\Documents\Projects\social-media-app\models\index.js:15:22)[39m
[31m    at Module._compile (node:internal/modules/cjs/loader:1103:14)[39m
2023-02-14 11:49:20:4920 [31merror[39m: [31muncaughtException: Unexpected token ']'[39m
[31mC:\Users\user\Documents\Projects\social-media-app\models\profileModel.js:37[39m
[31m        'headerURL', 'avatarURL'];[39m
[31m                                ^[39m

[31mSyntaxError: Unexpected token ']'[39m
[31m    at Object.compileFunction (node:vm:352:18)[39m
[31m    at wrapSafe (node:internal/modules/cjs/loader:1032:15)[39m
[31m    at Module._compile (node:internal/modules/cjs/loader:1067:27)[39m
[31m    at Object.Module._extensions..js (node:internal/modules/cjs/loader:1157:10)[39m
[31m    at Module.load (node:internal/modules/cjs/loader:981:32)[39m
[31m    at Function.Module._load (node:internal/modules/cjs/loader:822:12)[39m
[31m    at Module.require (node:internal/modules/cjs/loader:1005:19)[39m
[31m    at require (node:internal/modules/cjs/helpers:102:18)[39m
[31m    at Object.<anonymous> (C:\Users\user\Documents\Projects\social-media-app\models\index.js:15:22)[39m
[31m    at Module._compile (node:internal/modules/cjs/loader:1103:14)[39m
2023-02-14 11:49:22:4922 [31merror[39m: [31muncaughtException: Invalid or unexpected token[39m
[31mC:\Users\user\Documents\Projects\social-media-app\models\profileModel.js:36[39m
[31m          \\, 'locaton', 'github_link', 'twitter_link',[39m
[31m          ^[39m

[31mSyntaxError: Invalid or unexpected token[39m
[31m    at Object.compileFunction (node:vm:352:18)[39m
[31m    at wrapSafe (node:internal/modules/cjs/loader:1032:15)[39m
[31m    at Module._compile (node:internal/modules/cjs/loader:1067:27)[39m
[31m    at Object.Module._extensions..js (node:internal/modules/cjs/loader:1157:10)[39m
[31m    at Module.load (node:internal/modules/cjs/loader:981:32)[39m
[31m    at Function.Module._load (node:internal/modules/cjs/loader:822:12)[39m
[31m    at Module.require (node:internal/modules/cjs/loader:1005:19)[39m
[31m    at require (node:internal/modules/cjs/helpers:102:18)[39m
[31m    at Object.<anonymous> (C:\Users\user\Documents\Projects\social-media-app\models\index.js:15:22)[39m
[31m    at Module._compile (node:internal/modules/cjs/loader:1103:14)[39m
2023-02-14 11:49:24:4924 [31merror[39m: [31muncaughtException: Unexpected token ']'[39m
[31mC:\Users\user\Documents\Projects\social-media-app\models\profileModel.js:37[39m
[31m        'headerURL', 'avatarURL'];[39m
[31m                                ^[39m

[31mSyntaxError: Unexpected token ']'[39m
[31m    at Object.compileFunction (node:vm:352:18)[39m
[31m    at wrapSafe (node:internal/modules/cjs/loader:1032:15)[39m
[31m    at Module._compile (node:internal/modules/cjs/loader:1067:27)[39m
[31m    at Object.Module._extensions..js (node:internal/modules/cjs/loader:1157:10)[39m
[31m    at Module.load (node:internal/modules/cjs/loader:981:32)[39m
[31m    at Function.Module._load (node:internal/modules/cjs/loader:822:12)[39m
[31m    at Module.require (node:internal/modules/cjs/loader:1005:19)[39m
[31m    at require (node:internal/modules/cjs/helpers:102:18)[39m
[31m    at Object.<anonymous> (C:\Users\user\Documents\Projects\social-media-app\models\index.js:15:22)[39m
[31m    at Module._compile (node:internal/modules/cjs/loader:1103:14)[39m
2023-02-14 11:49:27:4927 [31merror[39m: [31muncaughtException: Unexpected token ']'[39m
[31mC:\Users\user\Documents\Projects\social-media-app\models\profileModel.js:37[39m
[31m        'headerURL', 'avatarURL'];?[39m
[31m                                ^[39m

[31mSyntaxError: Unexpected token ']'[39m
[31m    at Object.compileFunction (node:vm:352:18)[39m
[31m    at wrapSafe (node:internal/modules/cjs/loader:1032:15)[39m
[31m    at Module._compile (node:internal/modules/cjs/loader:1067:27)[39m
[31m    at Object.Module._extensions..js (node:internal/modules/cjs/loader:1157:10)[39m
[31m    at Module.load (node:internal/modules/cjs/loader:981:32)[39m
[31m    at Function.Module._load (node:internal/modules/cjs/loader:822:12)[39m
[31m    at Module.require (node:internal/modules/cjs/loader:1005:19)[39m
[31m    at require (node:internal/modules/cjs/helpers:102:18)[39m
[31m    at Object.<anonymous> (C:\Users\user\Documents\Projects\social-media-app\models\index.js:15:22)[39m
[31m    at Module._compile (node:internal/modules/cjs/loader:1103:14)[39m
2023-02-14 11:49:29:4929 [31merror[39m: [31muncaughtException: Unexpected token ']'[39m
[31mC:\Users\user\Documents\Projects\social-media-app\models\profileModel.js:37[39m
[31m        'headerURL', 'avatarURL'];?[39m
[31m                                ^[39m

[31mSyntaxError: Unexpected token ']'[39m
[31m    at Object.compileFunction (node:vm:352:18)[39m
[31m    at wrapSafe (node:internal/modules/cjs/loader:1032:15)[39m
[31m    at Module._compile (node:internal/modules/cjs/loader:1067:27)[39m
[31m    at Object.Module._extensions..js (node:internal/modules/cjs/loader:1157:10)[39m
[31m    at Module.load (node:internal/modules/cjs/loader:981:32)[39m
[31m    at Function.Module._load (node:internal/modules/cjs/loader:822:12)[39m
[31m    at Module.require (node:internal/modules/cjs/loader:1005:19)[39m
[31m    at require (node:internal/modules/cjs/helpers:102:18)[39m
[31m    at Object.<anonymous> (C:\Users\user\Documents\Projects\social-media-app\models\index.js:15:22)[39m
[31m    at Module._compile (node:internal/modules/cjs/loader:1103:14)[39m
2023-02-14 11:49:32:4932 [31merror[39m: [31muncaughtException: Unexpected token ']'[39m
[31mC:\Users\user\Documents\Projects\social-media-app\models\profileModel.js:37[39m
[31m        'headerURL', 'avatarURL']//[39m
[31m                                ^[39m

[31mSyntaxError: Unexpected token ']'[39m
[31m    at Object.compileFunction (node:vm:352:18)[39m
[31m    at wrapSafe (node:internal/modules/cjs/loader:1032:15)[39m
[31m    at Module._compile (node:internal/modules/cjs/loader:1067:27)[39m
[31m    at Object.Module._extensions..js (node:internal/modules/cjs/loader:1157:10)[39m
[31m    at Module.load (node:internal/modules/cjs/loader:981:32)[39m
[31m    at Function.Module._load (node:internal/modules/cjs/loader:822:12)[39m
[31m    at Module.require (node:internal/modules/cjs/loader:1005:19)[39m
[31m    at require (node:internal/modules/cjs/helpers:102:18)[39m
[31m    at Object.<anonymous> (C:\Users\user\Documents\Projects\social-media-app\models\index.js:15:22)[39m
[31m    at Module._compile (node:internal/modules/cjs/loader:1103:14)[39m
2023-02-14 11:49:34:4934 [31merror[39m: [31muncaughtException: Unexpected token ']'[39m
[31mC:\Users\user\Documents\Projects\social-media-app\models\profileModel.js:37[39m
[31m        'headerURL', 'avatarURL'][39m
[31m                                ^[39m

[31mSyntaxError: Unexpected token ']'[39m
[31m    at Object.compileFunction (node:vm:352:18)[39m
[31m    at wrapSafe (node:internal/modules/cjs/loader:1032:15)[39m
[31m    at Module._compile (node:internal/modules/cjs/loader:1067:27)[39m
[31m    at Object.Module._extensions..js (node:internal/modules/cjs/loader:1157:10)[39m
[31m    at Module.load (node:internal/modules/cjs/loader:981:32)[39m
[31m    at Function.Module._load (node:internal/modules/cjs/loader:822:12)[39m
[31m    at Module.require (node:internal/modules/cjs/loader:1005:19)[39m
[31m    at require (node:internal/modules/cjs/helpers:102:18)[39m
[31m    at Object.<anonymous> (C:\Users\user\Documents\Projects\social-media-app\models\index.js:15:22)[39m
[31m    at Module._compile (node:internal/modules/cjs/loader:1103:14)[39m
2023-02-14 11:49:42:4942 [31merror[39m: [31mToo many keys specified; max 64 keys allowed[39m
2023-02-14 11:50:07:507 [31merror[39m: [31mToo many keys specified; max 64 keys allowed[39m
2023-02-14 11:51:50:5150 [31merror[39m: [31mToo many keys specified; max 64 keys allowed[39m
2023-02-14 11:55:16:5516 [31merror[39m: [31mToo many keys specified; max 64 keys allowed[39m
2023-02-14 11:55:44:5544 [31merror[39m: [31muncaughtException: Unexpected token ':'[39m
[31mC:\Users\user\Documents\Projects\social-media-app\models\index.js:117[39m
[31m  .sync({: true })   [39m
[31m         ^[39m

[31mSyntaxError: Unexpected token ':'[39m
[31m    at Object.compileFunction (node:vm:352:18)[39m
[31m    at wrapSafe (node:internal/modules/cjs/loader:1032:15)[39m
[31m    at Module._compile (node:internal/modules/cjs/loader:1067:27)[39m
[31m    at Object.Module._extensions..js (node:internal/modules/cjs/loader:1157:10)[39m
[31m    at Module.load (node:internal/modules/cjs/loader:981:32)[39m
[31m    at Function.Module._load (node:internal/modules/cjs/loader:822:12)[39m
[31m    at Module.require (node:internal/modules/cjs/loader:1005:19)[39m
[31m    at require (node:internal/modules/cjs/helpers:102:18)[39m
[31m    at Object.<anonymous> (C:\Users\user\Documents\Projects\social-media-app\controllers\authController.js:5:12)[39m
[31m    at Module._compile (node:internal/modules/cjs/loader:1103:14)[39m
2023-02-14 11:57:44:5744 [31merror[39m: [31munable to connect Connections using insecure transport are prohibited while --require_secure_transport=ON.[39m
2023-02-14 11:57:44:5744 [31merror[39m: [31mConnections using insecure transport are prohibited while --require_secure_transport=ON.[39m
2023-02-14 12:01:23:123 [31merror[39m: [31munable to connect getaddrinfo ENOTFOUND root[39m
2023-02-14 12:01:23:123 [31merror[39m: [31mgetaddrinfo ENOTFOUND root[39m
2023-02-14 12:04:41:441 [31merror[39m: [31munable to connect Access denied for user 'root'@'localhost' (using password: YES)[39m
2023-02-14 12:04:41:441 [31merror[39m: [31mAccess denied for user 'root'@'localhost' (using password: YES)[39m
2023-02-14 12:08:33:833 [31merror[39m: [31muncaughtException: Unexpected token ']'[39m
[31mC:\Users\user\Documents\Projects\social-media-app\models\profileModel.js:37[39m
[31m        'headerURL', 'avatarURL'][39m
[31m                                ^[39m

[31mSyntaxError: Unexpected token ']'[39m
[31m    at Object.compileFunction (node:vm:352:18)[39m
[31m    at wrapSafe (node:internal/modules/cjs/loader:1032:15)[39m
[31m    at Module._compile (node:internal/modules/cjs/loader:1067:27)[39m
[31m    at Object.Module._extensions..js (node:internal/modules/cjs/loader:1157:10)[39m
[31m    at Module.load (node:internal/modules/cjs/loader:981:32)[39m
[31m    at Function.Module._load (node:internal/modules/cjs/loader:822:12)[39m
[31m    at Module.require (node:internal/modules/cjs/loader:1005:19)[39m
[31m    at require (node:internal/modules/cjs/helpers:102:18)[39m
[31m    at Object.<anonymous> (C:\Users\user\Documents\Projects\social-media-app\models\index.js:15:22)[39m
[31m    at Module._compile (node:internal/modules/cjs/loader:1103:14)[39m
2023-02-14 12:09:48:948 [31merror[39m: [31mAccount Not Found, Please Login again![39m
2023-02-14 12:10:11:1011 [31merror[39m: [31mUnexpected field[39m
2023-02-14 12:11:30:1130 [31merror[39m: [31mUnexpected field[39m
2023-02-14 12:11:52:1152 [31merror[39m: [31mUnexpected field[39m
2023-02-14 12:15:13:1513 [31merror[39m: [31mUnexpected field[39m
2023-02-14 12:42:45:4245 [31merror[39m: [31m/api/v1/profile/?userId=1 not found on this server[39m
2023-02-14 12:43:21:4321 [31merror[39m: [31mYou are not logged in, Please Login Again[39m
2023-02-14 12:43:43:4343 [31merror[39m: [31m/api/v1/profiles/?userId=1 not found on this server[39m
2023-02-14 12:47:10:4710 [31merror[39m: [31m/api/v1/profiles/?userId=2 not found on this server[39m
2023-02-14 12:51:04:514 [31merror[39m: [31m/api/v1/profiles/?userId=2 not found on this server[39m
2023-02-14 13:13:07:137 [31merror[39m: [31m/api/v1/profiles/?userId=2 not found on this server[39m
2023-02-14 13:13:33:1333 [31merror[39m: [31m/api/v1/profiles?userId=2 not found on this server[39m
